Running database reset at 2025-11-02_02-29-21...
----------------------------------------
Resetting local database...
Recreating database...
Initialising schema...
Seeding globals from roles.sql...
Applying migration 20250101000001_drop_all.sql...
NOTICE (00000): table "task_management" does not exist, skipping
NOTICE (00000): table "user_favorites" does not exist, skipping
NOTICE (00000): table "lesson_songs" does not exist, skipping
NOTICE (00000): table "lessons" does not exist, skipping
NOTICE (00000): table "songs" does not exist, skipping
NOTICE (00000): table "profiles" does not exist, skipping
NOTICE (00000): type "public.task_status" does not exist, skipping
NOTICE (00000): type "public.task_priority" does not exist, skipping
NOTICE (00000): type "public.learning_status" does not exist, skipping
NOTICE (00000): type "public.lesson_status" does not exist, skipping
NOTICE (00000): type "public.music_key" does not exist, skipping
NOTICE (00000): type "public.difficulty_level" does not exist, skipping
NOTICE (00000): function public.update_updated_at_column() does not exist, skipping
NOTICE (00000): function public.handle_new_user() does not exist, skipping
Applying migration 20250101000002_create_enums.sql...
Applying migration 20250101000003_create_songs_table.sql...
Applying migration 20250101000004_create_profiles_table.sql...
Applying migration 20250101000005_create_lessons_table.sql...
Applying migration 20250101000006_create_lesson_songs_table.sql...
Applying migration 20250101000007_create_task_management_table.sql...
Applying migration 20250101000008_create_functions.sql...
Applying migration 20250101000009_create_triggers.sql...
NOTICE (00000): trigger "on_auth_user_created" for relation "auth.users" does not exist, skipping
NOTICE (00000): trigger "set_updated_at" for relation "public.profiles" does not exist, skipping
NOTICE (00000): trigger "set_updated_at" for relation "public.songs" does not exist, skipping
NOTICE (00000): trigger "set_updated_at" for relation "public.lessons" does not exist, skipping
NOTICE (00000): trigger "set_updated_at" for relation "public.lesson_songs" does not exist, skipping
NOTICE (00000): trigger "set_updated_at" for relation "public.task_management" does not exist, skipping
Applying migration 20250101000010_enable_rls_policies.sql...
Applying migration 20251101150000_profiles_auto_create.sql...
Applying migration 20251102020000_update_profiles_schema.sql...
Seeding data from supabase/seed_sql/seed_songs.sql...
Seeding data from supabase/seed_sql/seed_profiles.sql...
failed to send batch: ERROR: column "isAdmin" of relation "profiles" does not exist (SQLSTATE 42703)
Try rerunning the command with --debug to troubleshoot the error.
