
> guitar-crm@0.65.0 dev
> next dev

[baseline-browser-mapping] The data in this module is over two months old.  To ensure accurate Baseline data, please update: `npm i baseline-browser-mapping@latest -D`
[32m✔[0m [33mConsole Ninja[0m extension is connected to [33mNext.js[0m, see [36mhttps://tinyurl.com/2vt8jxzw[0m
⚠ Console Ninja Turbopack support is a PRO feature, [33mcurrently available to community users while in preview[0m
[baseline-browser-mapping] The data in this module is over two months old.  To ensure accurate Baseline data, please update: `npm i baseline-browser-mapping@latest -D`
   ▲ Next.js 16.0.0 (Turbopack)
   - Local:        http://localhost:3000
   - Network:      http://192.168.1.28:3000
   - Environments: .env.local, .env

 ✓ Starting...
 ✓ Ready in 1247ms
 ○ Compiling /sign-in ...
 GET /sign-in 200 in 4.7s (compile: 4.3s, proxy.ts: 143ms, render: 230ms)
 ○ Compiling / ...
 GET /sign-in 200 in 56ms (compile: 7ms, proxy.ts: 3ms, render: 46ms)
 GET / 200 in 197ms (compile: 3ms, proxy.ts: 62ms, render: 133ms)
 GET /dashboard 200 in 1492ms (compile: 1175ms, proxy.ts: 54ms, render: 262ms)
 GET /dashboard 200 in 299ms (compile: 9ms, proxy.ts: 122ms, render: 167ms)
Error fetching calendar events: Error: Google Calendar not connected
    at getAuthenticatedCalendarClient (app/dashboard/actions.ts:19:11)
    at async getGoogleEvents (app/dashboard/actions.ts:64:22)
  17 |
  18 |   if (error || !integration) {
> 19 |     throw new Error('Google Calendar not connected');
     |           ^
  20 |   }
  21 |
  22 |   const oauth2Client = getGoogleOAuth2Client();
 POST /dashboard 200 in 779ms (compile: 6ms, proxy.ts: 109ms, render: 663ms)
Error fetching calendar events: Error: Google Calendar not connected
    at getAuthenticatedCalendarClient (app/dashboard/actions.ts:19:11)
    at async getGoogleEvents (app/dashboard/actions.ts:64:22)
  17 |
  18 |   if (error || !integration) {
> 19 |     throw new Error('Google Calendar not connected');
     |           ^
  20 |   }
  21 |
  22 |   const oauth2Client = getGoogleOAuth2Client();
 POST /dashboard 200 in 529ms (compile: 4ms, proxy.ts: 91ms, render: 434ms)
 GET /dashboard/lessons/new 200 in 1417ms (compile: 1130ms, proxy.ts: 93ms, render: 193ms)
 GET /api/profiles 200 in 637ms (compile: 539ms, proxy.ts: 51ms, render: 47ms)
 GET /api/song/admin-songs 403 in 416ms (compile: 250ms, proxy.ts: 105ms, render: 60ms)
 GET /api/song/admin-songs 403 in 106ms (compile: 1995µs, proxy.ts: 48ms, render: 55ms)
 GET /sign-in 200 in 44ms (compile: 3ms, proxy.ts: 3ms, render: 39ms)
 GET / 200 in 138ms (compile: 2ms, proxy.ts: 56ms, render: 79ms)
 GET /dashboard 200 in 190ms (compile: 3ms, proxy.ts: 47ms, render: 140ms)
 GET /dashboard 200 in 222ms (compile: 4ms, proxy.ts: 62ms, render: 157ms)
Error fetching calendar events: Error: Google Calendar not connected
    at getAuthenticatedCalendarClient (app/dashboard/actions.ts:19:11)
    at async getGoogleEvents (app/dashboard/actions.ts:64:22)
  17 |
  18 |   if (error || !integration) {
> 19 |     throw new Error('Google Calendar not connected');
     |           ^
  20 |   }
  21 |
  22 |   const oauth2Client = getGoogleOAuth2Client();
 POST /dashboard 200 in 465ms (compile: 5ms, proxy.ts: 83ms, render: 377ms)
Error fetching calendar events: Error: Google Calendar not connected
    at getAuthenticatedCalendarClient (app/dashboard/actions.ts:19:11)
    at async getGoogleEvents (app/dashboard/actions.ts:64:22)
  17 |
  18 |   if (error || !integration) {
> 19 |     throw new Error('Google Calendar not connected');
     |           ^
  20 |   }
  21 |
  22 |   const oauth2Client = getGoogleOAuth2Client();
 POST /dashboard 200 in 510ms (compile: 3ms, proxy.ts: 81ms, render: 425ms)
 GET /dashboard/lessons 200 in 1147ms (compile: 840ms, proxy.ts: 96ms, render: 211ms)
 GET /api/lessons? 200 in 393ms (compile: 253ms, proxy.ts: 50ms, render: 90ms)
 GET /sign-in 200 in 38ms (compile: 2ms, proxy.ts: 3ms, render: 33ms)
 GET / 200 in 138ms (compile: 3ms, proxy.ts: 54ms, render: 81ms)
 GET /dashboard 200 in 185ms (compile: 3ms, proxy.ts: 48ms, render: 134ms)
 GET /dashboard 200 in 257ms (compile: 4ms, proxy.ts: 58ms, render: 196ms)
Error fetching calendar events: Error: Google Calendar not connected
    at getAuthenticatedCalendarClient (app/dashboard/actions.ts:19:11)
    at async getGoogleEvents (app/dashboard/actions.ts:64:22)
  17 |
  18 |   if (error || !integration) {
> 19 |     throw new Error('Google Calendar not connected');
     |           ^
  20 |   }
  21 |
  22 |   const oauth2Client = getGoogleOAuth2Client();
 POST /dashboard 200 in 719ms (compile: 6ms, proxy.ts: 281ms, render: 432ms)
 GET /dashboard/lessons 200 in 748ms (compile: 16ms, proxy.ts: 216ms, render: 516ms)
 GET /api/lessons? 200 in 129ms (compile: 3ms, proxy.ts: 48ms, render: 78ms)
 GET /sign-in 200 in 100ms (compile: 3ms, proxy.ts: 19ms, render: 79ms)
 GET / 200 in 138ms (compile: 4ms, proxy.ts: 57ms, render: 78ms)
 GET /dashboard 200 in 199ms (compile: 3ms, proxy.ts: 48ms, render: 148ms)
 GET /dashboard 200 in 199ms (compile: 3ms, proxy.ts: 69ms, render: 126ms)
Error fetching calendar events: Error: Google Calendar not connected
    at getAuthenticatedCalendarClient (app/dashboard/actions.ts:19:11)
    at async getGoogleEvents (app/dashboard/actions.ts:64:22)
  17 |
  18 |   if (error || !integration) {
> 19 |     throw new Error('Google Calendar not connected');
     |           ^
  20 |   }
  21 |
  22 |   const oauth2Client = getGoogleOAuth2Client();
 POST /dashboard 200 in 576ms (compile: 4ms, proxy.ts: 86ms, render: 486ms)
Error fetching calendar events: Error: Google Calendar not connected
    at getAuthenticatedCalendarClient (app/dashboard/actions.ts:19:11)
    at async getGoogleEvents (app/dashboard/actions.ts:64:22)
  17 |
  18 |   if (error || !integration) {
> 19 |     throw new Error('Google Calendar not connected');
     |           ^
  20 |   }
  21 |
  22 |   const oauth2Client = getGoogleOAuth2Client();
 POST /dashboard 200 in 510ms (compile: 4ms, proxy.ts: 57ms, render: 450ms)
 GET /dashboard/assignments/new 200 in 1166ms (compile: 635ms, proxy.ts: 96ms, render: 436ms)
