
> guitar-crm@0.65.0 dev
> next dev

[baseline-browser-mapping] The data in this module is over two months old.  To ensure accurate Baseline data, please update: `npm i baseline-browser-mapping@latest -D`
[32m✔[0m [33mConsole Ninja[0m extension is connected to [33mNext.js[0m, see [36mhttps://tinyurl.com/2vt8jxzw[0m
⚠ Console Ninja Turbopack support is a PRO feature, [33mcurrently available to community users while in preview[0m
[baseline-browser-mapping] The data in this module is over two months old.  To ensure accurate Baseline data, please update: `npm i baseline-browser-mapping@latest -D`
   ▲ Next.js 16.0.0 (Turbopack)
   - Local:        http://localhost:3000
   - Network:      http://192.168.1.28:3000
   - Environments: .env.local, .env

 ✓ Starting...
 ✓ Ready in 1227ms
 ○ Compiling /sign-in ...
 GET /sign-in 200 in 4.6s (compile: 4.2s, proxy.ts: 193ms, render: 222ms)
 ○ Compiling / ...
 GET / 200 in 5.4s (compile: 5.2s, proxy.ts: 71ms, render: 121ms)
 GET /dashboard/assignements 404 in 804ms (compile: 574ms, proxy.ts: 65ms, render: 165ms)
 GET /sign-in 200 in 135ms (compile: 3ms, proxy.ts: 3ms, render: 129ms)
 GET / 200 in 145ms (compile: 3ms, proxy.ts: 62ms, render: 79ms)
 GET /dashboard/assignements/new 404 in 277ms (compile: 9ms, proxy.ts: 78ms, render: 189ms)
 GET /dashboard 200 in 288ms (compile: 4ms, proxy.ts: 56ms, render: 229ms)
 GET /dashboard 200 in 303ms (compile: 16ms, proxy.ts: 87ms, render: 200ms)
 GET /sign-in 200 in 43ms (compile: 2ms, proxy.ts: 3ms, render: 38ms)
 GET / 200 in 146ms (compile: 3ms, proxy.ts: 57ms, render: 86ms)
 GET /dashboard/assignements 404 in 316ms (compile: 7ms, proxy.ts: 94ms, render: 215ms)
 GET /dashboard 200 in 326ms (compile: 4ms, proxy.ts: 60ms, render: 262ms)
 GET /dashboard 200 in 364ms (compile: 28ms, proxy.ts: 101ms, render: 236ms)
 GET /sign-in 200 in 62ms (compile: 3ms, proxy.ts: 4ms, render: 56ms)
 GET / 200 in 140ms (compile: 2ms, proxy.ts: 57ms, render: 80ms)
 GET /dashboard/assignements 404 in 258ms (compile: 6ms, proxy.ts: 80ms, render: 171ms)
 GET /dashboard 200 in 266ms (compile: 3ms, proxy.ts: 58ms, render: 205ms)
 GET /dashboard 200 in 357ms (compile: 15ms, proxy.ts: 79ms, render: 263ms)
 GET /sign-in 200 in 36ms (compile: 2ms, proxy.ts: 3ms, render: 31ms)
 GET / 200 in 148ms (compile: 3ms, proxy.ts: 59ms, render: 86ms)
 GET /dashboard/assignements 404 in 278ms (compile: 6ms, proxy.ts: 82ms, render: 190ms)
 GET /dashboard 200 in 320ms (compile: 3ms, proxy.ts: 58ms, render: 258ms)
 GET /dashboard 200 in 370ms (compile: 21ms, proxy.ts: 144ms, render: 204ms)
 GET /sign-in 200 in 37ms (compile: 1969µs, proxy.ts: 2ms, render: 32ms)
 GET / 200 in 139ms (compile: 3ms, proxy.ts: 54ms, render: 82ms)
 GET /dashboard/assignements 404 in 263ms (compile: 12ms, proxy.ts: 88ms, render: 163ms)
 GET /dashboard 200 in 272ms (compile: 3ms, proxy.ts: 54ms, render: 214ms)
 GET /dashboard 200 in 322ms (compile: 9ms, proxy.ts: 100ms, render: 212ms)
 GET /sign-in 200 in 66ms (compile: 2ms, proxy.ts: 3ms, render: 61ms)
 GET / 200 in 137ms (compile: 3ms, proxy.ts: 57ms, render: 78ms)
 GET /dashboard/assignements 404 in 261ms (compile: 6ms, proxy.ts: 84ms, render: 171ms)
 GET /dashboard 200 in 267ms (compile: 3ms, proxy.ts: 59ms, render: 205ms)
 GET /dashboard 200 in 300ms (compile: 15ms, proxy.ts: 81ms, render: 205ms)
 GET /sign-in 200 in 37ms (compile: 2ms, proxy.ts: 2ms, render: 32ms)
 GET / 200 in 140ms (compile: 4ms, proxy.ts: 56ms, render: 81ms)
 GET /dashboard 200 in 384ms (compile: 5ms, proxy.ts: 61ms, render: 318ms)
 GET /dashboard 200 in 332ms (compile: 4ms, proxy.ts: 83ms, render: 246ms)
 GET /dashboard/lessons 200 in 1480ms (compile: 1108ms, proxy.ts: 82ms, render: 290ms)
 POST /dashboard 200 in 676ms (compile: 4ms, proxy.ts: 106ms, render: 566ms)
 GET /dashboard/lessons/new 200 in 721ms (compile: 534ms, proxy.ts: 58ms, render: 129ms)
 GET /api/profiles 200 in 598ms (compile: 504ms, proxy.ts: 53ms, render: 41ms)
 GET /sign-in 200 in 36ms (compile: 2ms, proxy.ts: 3ms, render: 31ms)
 GET / 200 in 143ms (compile: 3ms, proxy.ts: 57ms, render: 84ms)
 GET /dashboard/lessons/new 200 in 306ms (compile: 16ms, proxy.ts: 57ms, render: 234ms)
 GET /dashboard 200 in 314ms (compile: 6ms, proxy.ts: 60ms, render: 249ms)
 GET /dashboard 200 in 220ms (compile: 40ms, proxy.ts: 97ms, render: 83ms)
 GET /api/profiles 200 in 68ms (compile: 1865µs, proxy.ts: 51ms, render: 15ms)
 GET /dashboard/lessons/new 200 in 194ms (compile: 3ms, proxy.ts: 69ms, render: 122ms)
 GET /api/profiles 200 in 80ms (compile: 2ms, proxy.ts: 58ms, render: 20ms)
 GET /sign-in 200 in 36ms (compile: 1910µs, proxy.ts: 2ms, render: 32ms)
 GET / 200 in 255ms (compile: 6ms, proxy.ts: 90ms, render: 159ms)
 GET /dashboard 200 in 279ms (compile: 4ms, proxy.ts: 55ms, render: 220ms)
 GET /dashboard/lessons 200 in 397ms (compile: 3ms, proxy.ts: 82ms, render: 312ms)
 GET /dashboard 200 in 282ms (compile: 49ms, proxy.ts: 197ms, render: 37ms)
 GET /dashboard/lessons/new 200 in 71ms (compile: 2ms, proxy.ts: 53ms, render: 15ms)
 GET /sign-in 200 in 46ms (compile: 13ms, proxy.ts: 2ms, render: 30ms)
 GET / 200 in 146ms (compile: 4ms, proxy.ts: 54ms, render: 88ms)
 GET /dashboard 200 in 287ms (compile: 3ms, proxy.ts: 55ms, render: 228ms)
 GET /dashboard/lessons 200 in 343ms (compile: 3ms, proxy.ts: 79ms, render: 261ms)
 GET /dashboard 200 in 247ms (compile: 21ms, proxy.ts: 180ms, render: 46ms)
 GET /sign-in 200 in 40ms (compile: 3ms, proxy.ts: 3ms, render: 35ms)
 GET / 200 in 136ms (compile: 2ms, proxy.ts: 57ms, render: 77ms)
 GET /dashboard/lessons/new 200 in 233ms (compile: 3ms, proxy.ts: 77ms, render: 154ms)
 GET /dashboard 200 in 244ms (compile: 4ms, proxy.ts: 58ms, render: 182ms)
 GET /api/profiles 200 in 83ms (compile: 2ms, proxy.ts: 64ms, render: 17ms)
 GET /dashboard/lessons 200 in 274ms (compile: 3ms, proxy.ts: 52ms, render: 219ms)
 GET /sign-in 200 in 57ms (compile: 2ms, proxy.ts: 2ms, render: 53ms)
 GET / 200 in 133ms (compile: 2ms, proxy.ts: 54ms, render: 76ms)
 GET /dashboard 200 in 286ms (compile: 5ms, proxy.ts: 66ms, render: 214ms)
 GET /dashboard/lessons 200 in 361ms (compile: 28ms, proxy.ts: 63ms, render: 270ms)
 GET /dashboard 200 in 251ms (compile: 15ms, proxy.ts: 197ms, render: 38ms)
 GET /dashboard/lessons/new 200 in 178ms (compile: 3ms, proxy.ts: 55ms, render: 121ms)
 GET /api/profiles 200 in 149ms (compile: 4ms, proxy.ts: 118ms, render: 27ms)
 GET /dashboard/lessons 200 in 325ms (compile: 6ms, proxy.ts: 66ms, render: 253ms)
 GET /api/song/admin-songs 200 in 99ms (compile: 5ms, proxy.ts: 85ms, render: 10ms)
 GET /sign-in 200 in 36ms (compile: 1718µs, proxy.ts: 2ms, render: 32ms)
 GET / 200 in 137ms (compile: 4ms, proxy.ts: 56ms, render: 78ms)
 GET /dashboard 200 in 356ms (compile: 5ms, proxy.ts: 62ms, render: 289ms)
 GET /dashboard 200 in 301ms (compile: 4ms, proxy.ts: 67ms, render: 230ms)
 GET /dashboard/songs 200 in 1202ms (compile: 892ms, proxy.ts: 59ms, render: 251ms)
 POST /dashboard 200 in 520ms (compile: 5ms, proxy.ts: 118ms, render: 397ms)
 GET /dashboard/songs/new 200 in 704ms (compile: 459ms, proxy.ts: 54ms, render: 191ms)
 GET /dashboard/songs 200 in 254ms (compile: 3ms, proxy.ts: 53ms, render: 198ms)
 GET /sign-in 200 in 44ms (compile: 1924µs, proxy.ts: 11ms, render: 32ms)
 GET / 200 in 146ms (compile: 4ms, proxy.ts: 65ms, render: 78ms)
 GET /dashboard/songs/new 200 in 273ms (compile: 3ms, proxy.ts: 85ms, render: 185ms)
 GET /dashboard 200 in 280ms (compile: 3ms, proxy.ts: 61ms, render: 216ms)
 GET /dashboard/songs/new 200 in 195ms (compile: 3ms, proxy.ts: 62ms, render: 129ms)
 GET /sign-in 200 in 36ms (compile: 3ms, proxy.ts: 2ms, render: 31ms)
 GET / 200 in 131ms (compile: 2ms, proxy.ts: 53ms, render: 75ms)
 GET /dashboard/songs 200 in 331ms (compile: 3ms, proxy.ts: 82ms, render: 246ms)
 GET /dashboard 200 in 338ms (compile: 4ms, proxy.ts: 58ms, render: 276ms)
 GET /dashboard 200 in 222ms (compile: 4ms, proxy.ts: 180ms, render: 38ms)
 GET /dashboard/songs 200 in 287ms (compile: 3ms, proxy.ts: 66ms, render: 218ms)
 GET /sign-in 200 in 36ms (compile: 1752µs, proxy.ts: 3ms, render: 31ms)
 GET / 200 in 135ms (compile: 3ms, proxy.ts: 53ms, render: 79ms)
 GET /dashboard/songs 200 in 327ms (compile: 3ms, proxy.ts: 82ms, render: 242ms)
 GET /dashboard 200 in 225ms (compile: 11ms, proxy.ts: 171ms, render: 43ms)
 GET /dashboard 200 in 378ms (compile: 4ms, proxy.ts: 57ms, render: 318ms)
Error fetching song students: {
  code: 'PGRST201',
  details: [
    {
      cardinality: 'many-to-one',
      embedding: 'lessons with profiles',
      relationship: 'lessons_student_id_fkey using lessons(student_id) and profiles(id)'
    },
    {
      cardinality: 'many-to-one',
      embedding: 'lessons with profiles',
      relationship: 'lessons_teacher_id_fkey using lessons(teacher_id) and profiles(id)'
    }
  ],
  hint: "Try changing 'profiles' to one of the following: 'profiles!lessons_student_id_fkey', 'profiles!lessons_teacher_id_fkey'. Find the desired relationship in the 'details' key.",
  message: "Could not embed because more than one relationship was found for 'lessons' and 'profiles'"
}
 ⨯ Error: Failed to fetch song students
    at getSongStudents (app/dashboard/songs/[id]/actions.ts:38:11)
    at async SongPage (app/dashboard/songs/[id]/page.tsx:33:38)
  36 |   if (error) {
  37 |     /* eslint-disable */console.error(...oo_tx(`1836363587_37_4_37_57_11`,'Error fetching song students:', error));
> 38 |     throw new Error('Failed to fetch song students');
     |           ^
  39 |   }
  40 |
  41 |   const studentMap = new Map<string, SongStudentItem>(); {
  digest: '3853680307'
}
 GET /dashboard/songs/10f2ff8b-72e4-4bb5-aaec-b83aa5b79105 500 in 1161ms (compile: 907ms, proxy.ts: 51ms, render: 204ms)
 GET /sign-in 200 in 44ms (compile: 3ms, proxy.ts: 3ms, render: 37ms)
 GET / 200 in 145ms (compile: 3ms, proxy.ts: 63ms, render: 79ms)
 GET /dashboard/songs 200 in 364ms (compile: 4ms, proxy.ts: 88ms, render: 272ms)
 GET /dashboard 200 in 246ms (compile: 12ms, proxy.ts: 197ms, render: 37ms)
 GET /dashboard 200 in 412ms (compile: 4ms, proxy.ts: 60ms, render: 348ms)
 GET /sign-in 200 in 35ms (compile: 2ms, proxy.ts: 2ms, render: 31ms)
 GET / 200 in 149ms (compile: 3ms, proxy.ts: 61ms, render: 85ms)
 GET /dashboard/songs 200 in 545ms (compile: 5ms, proxy.ts: 92ms, render: 448ms)
 GET /dashboard 200 in 395ms (compile: 10ms, proxy.ts: 356ms, render: 29ms)
 GET /dashboard 200 in 585ms (compile: 3ms, proxy.ts: 53ms, render: 528ms)
 GET /dashboard/songs/new 200 in 183ms (compile: 3ms, proxy.ts: 51ms, render: 129ms)
 GET /dashboard/songs 200 in 246ms (compile: 2ms, proxy.ts: 50ms, render: 194ms)
 GET /dashboard/songs 200 in 274ms (compile: 3ms, proxy.ts: 55ms, render: 216ms)
 GET /dashboard/songs/new 200 in 201ms (compile: 3ms, proxy.ts: 50ms, render: 148ms)
 GET /dashboard/songs 200 in 277ms (compile: 3ms, proxy.ts: 57ms, render: 217ms)
 GET /sign-in 200 in 57ms (compile: 3ms, proxy.ts: 2ms, render: 51ms)
 GET / 200 in 141ms (compile: 3ms, proxy.ts: 58ms, render: 81ms)
 GET /dashboard/songs 200 in 350ms (compile: 31ms, proxy.ts: 69ms, render: 250ms)
 GET /dashboard 200 in 401ms (compile: 6ms, proxy.ts: 72ms, render: 323ms)
 GET /dashboard 200 in 242ms (compile: 5ms, proxy.ts: 185ms, render: 53ms)
 GET /dashboard/songs/new 200 in 199ms (compile: 4ms, proxy.ts: 55ms, render: 140ms)
 GET /dashboard/songs 200 in 235ms (compile: 3ms, proxy.ts: 49ms, render: 184ms)
 GET /sign-in 200 in 35ms (compile: 2ms, proxy.ts: 2ms, render: 30ms)
 GET / 200 in 280ms (compile: 6ms, proxy.ts: 80ms, render: 195ms)
 GET /dashboard 200 in 299ms (compile: 5ms, proxy.ts: 64ms, render: 230ms)
 GET /dashboard 200 in 267ms (compile: 3ms, proxy.ts: 71ms, render: 192ms)
 GET /dashboard/users/new 200 in 938ms (compile: 696ms, proxy.ts: 63ms, render: 179ms)
 POST /dashboard 200 in 308ms (compile: 71ms, proxy.ts: 91ms, render: 145ms)
 GET /sign-in 200 in 37ms (compile: 1641µs, proxy.ts: 2ms, render: 33ms)
 GET / 200 in 136ms (compile: 3ms, proxy.ts: 55ms, render: 78ms)
 GET /dashboard 200 in 294ms (compile: 4ms, proxy.ts: 57ms, render: 233ms)
 GET /dashboard 200 in 286ms (compile: 4ms, proxy.ts: 71ms, render: 211ms)
 POST /dashboard 200 in 593ms (compile: 5ms, proxy.ts: 96ms, render: 492ms)
 GET /dashboard/users 200 in 1491ms (compile: 1202ms, proxy.ts: 81ms, render: 208ms)
 POST /dashboard 200 in 271ms (compile: 4ms, proxy.ts: 115ms, render: 153ms)
 GET /api/users 200 in 433ms (compile: 165ms, proxy.ts: 51ms, render: 217ms)
 GET /dashboard/users/5a302d7a-5329-4070-b07e-c80209372cf6/edit 200 in 987ms (compile: 884ms, proxy.ts: 51ms, render: 52ms)
 PUT /api/users/5a302d7a-5329-4070-b07e-c80209372cf6 500 in 937ms (compile: 820ms, proxy.ts: 54ms, render: 63ms)
 PUT /api/users/5a302d7a-5329-4070-b07e-c80209372cf6 500 in 198ms (compile: 83ms, proxy.ts: 49ms, render: 66ms)
 GET /sign-in 200 in 50ms (compile: 3ms, proxy.ts: 3ms, render: 45ms)
 GET / 200 in 142ms (compile: 4ms, proxy.ts: 54ms, render: 84ms)
 GET /sign-in 200 in 45ms (compile: 3ms, proxy.ts: 5ms, render: 37ms)
 GET / 200 in 140ms (compile: 3ms, proxy.ts: 54ms, render: 83ms)
 GET /dashboard 200 in 217ms (compile: 4ms, proxy.ts: 48ms, render: 166ms)
 GET /dashboard 200 in 232ms (compile: 4ms, proxy.ts: 70ms, render: 158ms)
Error fetching calendar events: Error: Google Calendar not connected
    at getAuthenticatedCalendarClient (app/dashboard/actions.ts:19:11)
    at async getGoogleEvents (app/dashboard/actions.ts:64:22)
  17 |
  18 |   if (error || !integration) {
> 19 |     throw new Error('Google Calendar not connected');
     |           ^
  20 |   }
  21 |
  22 |   const oauth2Client = getGoogleOAuth2Client();
 POST /dashboard 200 in 796ms (compile: 6ms, proxy.ts: 94ms, render: 696ms)
Error fetching calendar events: Error: Google Calendar not connected
    at getAuthenticatedCalendarClient (app/dashboard/actions.ts:19:11)
    at async getGoogleEvents (app/dashboard/actions.ts:64:22)
  17 |
  18 |   if (error || !integration) {
> 19 |     throw new Error('Google Calendar not connected');
     |           ^
  20 |   }
  21 |
  22 |   const oauth2Client = getGoogleOAuth2Client();
 POST /dashboard 200 in 566ms (compile: 4ms, proxy.ts: 67ms, render: 495ms)
 GET /dashboard/assignments/new 200 in 1486ms (compile: 1208ms, proxy.ts: 106ms, render: 172ms)
Error logging activity: {
  code: 'PGRST205',
  details: null,
  hint: "Perhaps you meant the table 'public.user_integrations'",
  message: "Could not find the table 'public.user_activity_logs' in the schema cache"
}
 GET /auth/login?redirect=%2Fdashboard 404 in 74ms (compile: 5ms, proxy.ts: 3ms, render: 66ms)
 GET /sign-in 200 in 39ms (compile: 2ms, proxy.ts: 2ms, render: 34ms)
 GET / 200 in 141ms (compile: 4ms, proxy.ts: 56ms, render: 81ms)
 GET /dashboard 200 in 302ms (compile: 3ms, proxy.ts: 50ms, render: 249ms)
 GET /dashboard 200 in 245ms (compile: 4ms, proxy.ts: 67ms, render: 174ms)
 GET /dashboard/users/new 200 in 278ms (compile: 7ms, proxy.ts: 104ms, render: 167ms)
 POST /dashboard 200 in 304ms (compile: 25ms, proxy.ts: 115ms, render: 164ms)
 POST /api/users 201 in 500ms (compile: 2ms, proxy.ts: 52ms, render: 446ms)
 GET /dashboard/users 200 in 88ms (compile: 11ms, proxy.ts: 61ms, render: 16ms)
 GET /api/users 200 in 297ms (compile: 3ms, proxy.ts: 79ms, render: 215ms)
 GET /sign-in 200 in 45ms (compile: 3ms, proxy.ts: 3ms, render: 39ms)
 GET / 200 in 134ms (compile: 4ms, proxy.ts: 54ms, render: 77ms)
 GET /dashboard 200 in 252ms (compile: 3ms, proxy.ts: 46ms, render: 203ms)
 GET /dashboard 200 in 332ms (compile: 54ms, proxy.ts: 65ms, render: 213ms)
 GET /dashboard/users/new 200 in 319ms (compile: 4ms, proxy.ts: 96ms, render: 218ms)
 POST /dashboard 200 in 325ms (compile: 7ms, proxy.ts: 137ms, render: 181ms)
 POST /api/users 201 in 165ms (compile: 4ms, proxy.ts: 63ms, render: 99ms)
 GET /dashboard/users 200 in 71ms (compile: 3ms, proxy.ts: 54ms, render: 14ms)
 GET /api/users 200 in 306ms (compile: 3ms, proxy.ts: 88ms, render: 215ms)
 GET /sign-in 200 in 37ms (compile: 2ms, proxy.ts: 2ms, render: 33ms)
 GET / 200 in 144ms (compile: 3ms, proxy.ts: 64ms, render: 77ms)
 GET /dashboard 200 in 241ms (compile: 3ms, proxy.ts: 47ms, render: 190ms)
 GET /dashboard 200 in 418ms (compile: 18ms, proxy.ts: 61ms, render: 339ms)
Error fetching calendar events: Error: Google Calendar not connected
    at getAuthenticatedCalendarClient (app/dashboard/actions.ts:19:11)
    at async getGoogleEvents (app/dashboard/actions.ts:64:22)
  17 |
  18 |   if (error || !integration) {
> 19 |     throw new Error('Google Calendar not connected');
     |           ^
  20 |   }
  21 |
  22 |   const oauth2Client = getGoogleOAuth2Client();
 GET /dashboard 200 in 686ms (compile: 7ms, proxy.ts: 88ms, render: 591ms)
 POST /dashboard 200 in 676ms (compile: 4ms, proxy.ts: 124ms, render: 548ms)
Error fetching calendar events: Error: Google Calendar not connected
    at getAuthenticatedCalendarClient (app/dashboard/actions.ts:19:11)
    at async getGoogleEvents (app/dashboard/actions.ts:64:22)
  17 |
  18 |   if (error || !integration) {
> 19 |     throw new Error('Google Calendar not connected');
     |           ^
  20 |   }
  21 |
  22 |   const oauth2Client = getGoogleOAuth2Client();
 POST /dashboard 200 in 348ms (compile: 3ms, proxy.ts: 49ms, render: 296ms)
 GET /sign-in 200 in 38ms (compile: 1874µs, proxy.ts: 2ms, render: 34ms)
 GET / 200 in 133ms (compile: 2ms, proxy.ts: 54ms, render: 77ms)
 GET /dashboard 200 in 312ms (compile: 3ms, proxy.ts: 51ms, render: 258ms)
 GET /dashboard 200 in 250ms (compile: 4ms, proxy.ts: 62ms, render: 184ms)
Error fetching calendar events: Error: Google Calendar not connected
    at getAuthenticatedCalendarClient (app/dashboard/actions.ts:19:11)
    at async getGoogleEvents (app/dashboard/actions.ts:64:22)
  17 |
  18 |   if (error || !integration) {
> 19 |     throw new Error('Google Calendar not connected');
     |           ^
  20 |   }
  21 |
  22 |   const oauth2Client = getGoogleOAuth2Client();
 GET /dashboard 200 in 528ms (compile: 7ms, proxy.ts: 91ms, render: 430ms)
 POST /dashboard 200 in 529ms (compile: 59ms, proxy.ts: 94ms, render: 375ms)
 GET /sign-in 200 in 39ms (compile: 2ms, proxy.ts: 2ms, render: 35ms)
 GET / 200 in 134ms (compile: 2ms, proxy.ts: 54ms, render: 77ms)
 GET /dashboard 200 in 188ms (compile: 3ms, proxy.ts: 47ms, render: 137ms)
 GET /dashboard 200 in 199ms (compile: 3ms, proxy.ts: 63ms, render: 132ms)
Error fetching calendar events: Error: Google Calendar not connected
    at getAuthenticatedCalendarClient (app/dashboard/actions.ts:19:11)
    at async getGoogleEvents (app/dashboard/actions.ts:64:22)
  17 |
  18 |   if (error || !integration) {
> 19 |     throw new Error('Google Calendar not connected');
     |           ^
  20 |   }
  21 |
  22 |   const oauth2Client = getGoogleOAuth2Client();
 POST /dashboard 200 in 658ms (compile: 5ms, proxy.ts: 243ms, render: 410ms)
 GET /dashboard/assignments/new 200 in 659ms (compile: 93ms, proxy.ts: 81ms, render: 485ms)
 GET /sign-in 200 in 36ms (compile: 2ms, proxy.ts: 3ms, render: 32ms)
 GET / 200 in 144ms (compile: 4ms, proxy.ts: 53ms, render: 87ms)
 GET /dashboard 200 in 186ms (compile: 3ms, proxy.ts: 47ms, render: 136ms)
 GET /dashboard 200 in 190ms (compile: 4ms, proxy.ts: 60ms, render: 125ms)
Error fetching calendar events: Error: Google Calendar not connected
    at getAuthenticatedCalendarClient (app/dashboard/actions.ts:19:11)
    at async getGoogleEvents (app/dashboard/actions.ts:64:22)
  17 |
  18 |   if (error || !integration) {
> 19 |     throw new Error('Google Calendar not connected');
     |           ^
  20 |   }
  21 |
  22 |   const oauth2Client = getGoogleOAuth2Client();
 POST /dashboard 200 in 498ms (compile: 7ms, proxy.ts: 77ms, render: 413ms)
Error fetching calendar events: Error: Google Calendar not connected
    at getAuthenticatedCalendarClient (app/dashboard/actions.ts:19:11)
    at async getGoogleEvents (app/dashboard/actions.ts:64:22)
  17 |
  18 |   if (error || !integration) {
> 19 |     throw new Error('Google Calendar not connected');
     |           ^
  20 |   }
  21 |
  22 |   const oauth2Client = getGoogleOAuth2Client();
 POST /dashboard 200 in 409ms (compile: 3ms, proxy.ts: 53ms, render: 353ms)
 GET /dashboard/assignments 200 in 1008ms (compile: 782ms, proxy.ts: 89ms, render: 136ms)
 GET /api/assignments? 200 in 357ms (compile: 247ms, proxy.ts: 48ms, render: 62ms)
 GET /sign-in 200 in 34ms (compile: 1781µs, proxy.ts: 2ms, render: 30ms)
 GET / 200 in 137ms (compile: 3ms, proxy.ts: 55ms, render: 79ms)
 GET /dashboard 200 in 230ms (compile: 3ms, proxy.ts: 48ms, render: 178ms)
 GET /dashboard 200 in 326ms (compile: 27ms, proxy.ts: 73ms, render: 225ms)
Error fetching calendar events: Error: Google Calendar not connected
    at getAuthenticatedCalendarClient (app/dashboard/actions.ts:19:11)
    at async getGoogleEvents (app/dashboard/actions.ts:64:22)
  17 |
  18 |   if (error || !integration) {
> 19 |     throw new Error('Google Calendar not connected');
     |           ^
  20 |   }
  21 |
  22 |   const oauth2Client = getGoogleOAuth2Client();
 GET /dashboard/lessons/new 200 in 521ms (compile: 7ms, proxy.ts: 87ms, render: 427ms)
 POST /dashboard 200 in 524ms (compile: 49ms, proxy.ts: 92ms, render: 383ms)
 GET /api/profiles 200 in 66ms (compile: 2ms, proxy.ts: 50ms, render: 14ms)
 GET /api/song/admin-songs 403 in 110ms (compile: 2ms, proxy.ts: 55ms, render: 53ms)
 GET /api/song/admin-songs 403 in 111ms (compile: 1988µs, proxy.ts: 56ms, render: 53ms)
 GET /sign-in 200 in 53ms (compile: 1718µs, proxy.ts: 2ms, render: 49ms)
 GET / 200 in 135ms (compile: 3ms, proxy.ts: 54ms, render: 78ms)
 GET /dashboard 200 in 190ms (compile: 4ms, proxy.ts: 48ms, render: 138ms)
 GET /dashboard 200 in 190ms (compile: 4ms, proxy.ts: 64ms, render: 123ms)
Error fetching calendar events: Error: Google Calendar not connected
    at getAuthenticatedCalendarClient (app/dashboard/actions.ts:19:11)
    at async getGoogleEvents (app/dashboard/actions.ts:64:22)
  17 |
  18 |   if (error || !integration) {
> 19 |     throw new Error('Google Calendar not connected');
     |           ^
  20 |   }
  21 |
  22 |   const oauth2Client = getGoogleOAuth2Client();
 POST /dashboard 200 in 652ms (compile: 7ms, proxy.ts: 105ms, render: 541ms)
 GET /dashboard/lessons 200 in 652ms (compile: 10ms, proxy.ts: 85ms, render: 558ms)
 GET /api/lessons? 200 in 324ms (compile: 177ms, proxy.ts: 66ms, render: 80ms)
 GET /sign-in 200 in 37ms (compile: 1927µs, proxy.ts: 1993µs, render: 34ms)
 GET / 200 in 157ms (compile: 3ms, proxy.ts: 78ms, render: 76ms)
 GET /dashboard 200 in 186ms (compile: 3ms, proxy.ts: 47ms, render: 135ms)
 GET /dashboard 200 in 202ms (compile: 4ms, proxy.ts: 63ms, render: 136ms)
Error fetching calendar events: Error: Google Calendar not connected
    at getAuthenticatedCalendarClient (app/dashboard/actions.ts:19:11)
    at async getGoogleEvents (app/dashboard/actions.ts:64:22)
  17 |
  18 |   if (error || !integration) {
> 19 |     throw new Error('Google Calendar not connected');
     |           ^
  20 |   }
  21 |
  22 |   const oauth2Client = getGoogleOAuth2Client();
 POST /dashboard 200 in 517ms (compile: 5ms, proxy.ts: 87ms, render: 426ms)
 GET /dashboard/lessons 200 in 557ms (compile: 6ms, proxy.ts: 93ms, render: 459ms)
Error: aborted
    at ignore-listed frames {
  code: 'ECONNRESET'
}
 ⨯ uncaughtException: Error: aborted
    at ignore-listed frames {
  code: 'ECONNRESET'
}
 ⨯ uncaughtException:  Error: aborted
    at ignore-listed frames {
  code: 'ECONNRESET'
}
 GET /api/lessons? 200 in 130ms (compile: 3ms, proxy.ts: 54ms, render: 74ms)
