
> guitar-crm@0.65.0 dev
> next dev

[baseline-browser-mapping] The data in this module is over two months old.  To ensure accurate Baseline data, please update: `npm i baseline-browser-mapping@latest -D`
[32m✔[0m [33mConsole Ninja[0m extension is connected to [33mNext.js[0m, see [36mhttps://tinyurl.com/2vt8jxzw[0m
⚠ Console Ninja Turbopack support is a PRO feature, [33mcurrently available to community users while in preview[0m
[baseline-browser-mapping] The data in this module is over two months old.  To ensure accurate Baseline data, please update: `npm i baseline-browser-mapping@latest -D`
   ▲ Next.js 16.0.0 (Turbopack)
   - Local:        http://localhost:3000
   - Network:      http://192.168.1.28:3000
   - Environments: .env.local, .env

 ✓ Starting...
 ✓ Ready in 1319ms
 ○ Compiling /sign-in ...
 GET /sign-in 200 in 4.6s (compile: 4.2s, proxy.ts: 139ms, render: 207ms)
 ○ Compiling / ...
 GET / 200 in 5.3s (compile: 5.1s, proxy.ts: 68ms, render: 118ms)
 GET /dashboard/lessons 200 in 1567ms (compile: 1040ms, proxy.ts: 66ms, render: 461ms)
 GET /dashboard 200 in 1670ms (compile: 1436ms, proxy.ts: 66ms, render: 168ms)
 GET /dashboard/lessons/new 200 in 742ms (compile: 542ms, proxy.ts: 58ms, render: 142ms)
 GET /api/profiles 200 in 625ms (compile: 535ms, proxy.ts: 58ms, render: 33ms)
 GET /sign-in 200 in 41ms (compile: 3ms, proxy.ts: 3ms, render: 36ms)
 GET / 200 in 162ms (compile: 3ms, proxy.ts: 61ms, render: 99ms)
 GET /dashboard/lessons/new 200 in 260ms (compile: 4ms, proxy.ts: 92ms, render: 165ms)
 GET /dashboard 200 in 264ms (compile: 4ms, proxy.ts: 64ms, render: 197ms)
 GET /api/profiles 200 in 69ms (compile: 2ms, proxy.ts: 49ms, render: 18ms)
 GET /dashboard/lessons/new 200 in 196ms (compile: 3ms, proxy.ts: 69ms, render: 123ms)
 GET /api/profiles 200 in 79ms (compile: 3ms, proxy.ts: 59ms, render: 17ms)
 GET /sign-in 200 in 38ms (compile: 2ms, proxy.ts: 2ms, render: 34ms)
 GET / 200 in 148ms (compile: 3ms, proxy.ts: 59ms, render: 86ms)
 GET /dashboard 200 in 281ms (compile: 4ms, proxy.ts: 61ms, render: 216ms)
 GET /dashboard/lessons 200 in 328ms (compile: 4ms, proxy.ts: 74ms, render: 251ms)
 GET /dashboard 200 in 266ms (compile: 22ms, proxy.ts: 176ms, render: 68ms)
 GET /dashboard/lessons/new 200 in 68ms (compile: 3ms, proxy.ts: 50ms, render: 15ms)
 GET /sign-in 200 in 48ms (compile: 11ms, proxy.ts: 3ms, render: 33ms)
 GET / 200 in 143ms (compile: 4ms, proxy.ts: 53ms, render: 87ms)
 GET /dashboard 200 in 282ms (compile: 3ms, proxy.ts: 59ms, render: 220ms)
 GET /dashboard/lessons 200 in 335ms (compile: 3ms, proxy.ts: 83ms, render: 249ms)
 GET /dashboard 200 in 233ms (compile: 20ms, proxy.ts: 172ms, render: 40ms)
 GET /sign-in 200 in 43ms (compile: 1981µs, proxy.ts: 2ms, render: 38ms)
 GET / 200 in 238ms (compile: 4ms, proxy.ts: 71ms, render: 164ms)
 GET /dashboard/lessons/new 200 in 299ms (compile: 16ms, proxy.ts: 55ms, render: 228ms)
 GET /dashboard 200 in 305ms (compile: 5ms, proxy.ts: 58ms, render: 242ms)
 GET /dashboard 200 in 198ms (compile: 23ms, proxy.ts: 101ms, render: 74ms)
 GET /api/profiles 200 in 89ms (compile: 4ms, proxy.ts: 64ms, render: 21ms)
 GET /dashboard/lessons 200 in 291ms (compile: 3ms, proxy.ts: 52ms, render: 236ms)
 GET /sign-in 200 in 43ms (compile: 1753µs, proxy.ts: 2ms, render: 39ms)
 GET / 200 in 130ms (compile: 2ms, proxy.ts: 53ms, render: 75ms)
 GET /dashboard 200 in 294ms (compile: 3ms, proxy.ts: 62ms, render: 228ms)
 GET /dashboard/lessons 200 in 345ms (compile: 4ms, proxy.ts: 91ms, render: 250ms)
 GET /dashboard 200 in 238ms (compile: 12ms, proxy.ts: 185ms, render: 41ms)
 GET /dashboard/lessons/new 200 in 172ms (compile: 3ms, proxy.ts: 51ms, render: 118ms)
 GET /api/profiles 200 in 174ms (compile: 40ms, proxy.ts: 116ms, render: 18ms)
 GET /dashboard/lessons 200 in 266ms (compile: 3ms, proxy.ts: 54ms, render: 209ms)
 GET /sign-in 200 in 53ms (compile: 5ms, proxy.ts: 4ms, render: 45ms)
 GET / 200 in 157ms (compile: 4ms, proxy.ts: 58ms, render: 96ms)
 GET /dashboard 200 in 358ms (compile: 4ms, proxy.ts: 50ms, render: 305ms)
 GET /dashboard 200 in 300ms (compile: 7ms, proxy.ts: 66ms, render: 226ms)
 POST /dashboard 200 in 783ms (compile: 5ms, proxy.ts: 98ms, render: 679ms)
 GET /dashboard/users/new 200 in 884ms (compile: 551ms, proxy.ts: 154ms, render: 179ms)
 POST /dashboard 200 in 124ms (compile: 12ms, proxy.ts: 91ms, render: 20ms)
 GET /sign-in 200 in 32ms (compile: 14ms, proxy.ts: 3ms, render: 15ms)
 POST /api/users 401 in 316ms (compile: 210ms, proxy.ts: 51ms, render: 54ms)
 GET /sign-in 200 in 60ms (compile: 3ms, proxy.ts: 4ms, render: 54ms)
 GET / 200 in 143ms (compile: 4ms, proxy.ts: 57ms, render: 82ms)
 GET /dashboard 200 in 204ms (compile: 3ms, proxy.ts: 49ms, render: 151ms)
 GET /dashboard 200 in 191ms (compile: 3ms, proxy.ts: 63ms, render: 125ms)
Error fetching calendar events: Error: Google Calendar not connected
    at getAuthenticatedCalendarClient (app/dashboard/actions.ts:19:11)
    at async getGoogleEvents (app/dashboard/actions.ts:64:22)
  17 |
  18 |   if (error || !integration) {
> 19 |     throw new Error('Google Calendar not connected');
     |           ^
  20 |   }
  21 |
  22 |   const oauth2Client = getGoogleOAuth2Client();
 POST /dashboard 200 in 776ms (compile: 5ms, proxy.ts: 93ms, render: 678ms)
 GET /dashboard/assignments/new 200 in 913ms (compile: 603ms, proxy.ts: 96ms, render: 214ms)
 POST /dashboard 200 in 161ms (compile: 56ms, proxy.ts: 70ms, render: 35ms)
Error fetching calendar events: Error: Google Calendar not connected
    at getAuthenticatedCalendarClient (app/dashboard/actions.ts:19:11)
    at async getGoogleEvents (app/dashboard/actions.ts:64:22)
  17 |
  18 |   if (error || !integration) {
> 19 |     throw new Error('Google Calendar not connected');
     |           ^
  20 |   }
  21 |
  22 |   const oauth2Client = getGoogleOAuth2Client();
 GET /sign-in 200 in 87ms (compile: 36ms, proxy.ts: 4ms, render: 48ms)
 GET /sign-in?email=p.romanczuk%40gmail.com&password=test123_admin 200 in 44ms (compile: 2ms, proxy.ts: 3ms, render: 39ms)
[?25h
