Gtk-Message: 13:05:48.962: Failed to load module "xapp-gtk3-module"
Gtk-Message: 13:05:48.962: Failed to load module "appmenu-gtk-module"

DevTools listening on ws://127.0.0.1:35775/devtools/browser/4834b554-93cb-478f-810e-286b8f0f5922
Missing baseUrl in compilerOptions. tsconfig-paths will be skipped
[32mâœ”[0m [33mConsole Ninja[0m extension is connected to [33mCypress[0m, see [36mhttps://tinyurl.com/2vt8jxzw[0m

================================================================================

  (Run Starting)

  â”Œâ”€â”€â”€â”€â”€â”€â”€â”€â”€â”€â”€â”€â”€â”€â”€â”€â”€â”€â”€â”€â”€â”€â”€â”€â”€â”€â”€â”€â”€â”€â”€â”€â”€â”€â”€â”€â”€â”€â”€â”€â”€â”€â”€â”€â”€â”€â”€â”€â”€â”€â”€â”€â”€â”€â”€â”€â”€â”€â”€â”€â”€â”€â”€â”€â”€â”€â”€â”€â”€â”€â”€â”€â”€â”€â”€â”€â”€â”€â”€â”€â”€â”€â”€â”€â”€â”€â”€â”€â”€â”€â”€â”€â”€â”€â”€â”€â”
  â”‚ Cypress:        13.17.0                                                                        â”‚
  â”‚ Browser:        Electron 118 (headless)                                                        â”‚
  â”‚ Node Version:   v24.11.1 (/usr/bin/node)                                                       â”‚
  â”‚ Specs:          10 found (admin-assignments-workflow.cy.ts, admin-lessons-workflow.cy.ts, admi â”‚
  â”‚                 n-songs-workflow.cy.ts, admin-users-workflow.cy.ts, assignment-details.cy.ts,  â”‚
  â”‚                 auth_dashboard_redirect.cy.ts, shadow-user.cy.ts, student-dashboard.cy.ts, tea â”‚
  â”‚                 cher-assignments.cy.ts,...)                                                    â”‚
  â”‚ Searched:       cypress/e2e/core/**/*.cy.{js,jsx,ts,tsx}                                       â”‚
  â””â”€â”€â”€â”€â”€â”€â”€â”€â”€â”€â”€â”€â”€â”€â”€â”€â”€â”€â”€â”€â”€â”€â”€â”€â”€â”€â”€â”€â”€â”€â”€â”€â”€â”€â”€â”€â”€â”€â”€â”€â”€â”€â”€â”€â”€â”€â”€â”€â”€â”€â”€â”€â”€â”€â”€â”€â”€â”€â”€â”€â”€â”€â”€â”€â”€â”€â”€â”€â”€â”€â”€â”€â”€â”€â”€â”€â”€â”€â”€â”€â”€â”€â”€â”€â”€â”€â”€â”€â”€â”€â”€â”€â”€â”€â”€â”€â”˜


â”€â”€â”€â”€â”€â”€â”€â”€â”€â”€â”€â”€â”€â”€â”€â”€â”€â”€â”€â”€â”€â”€â”€â”€â”€â”€â”€â”€â”€â”€â”€â”€â”€â”€â”€â”€â”€â”€â”€â”€â”€â”€â”€â”€â”€â”€â”€â”€â”€â”€â”€â”€â”€â”€â”€â”€â”€â”€â”€â”€â”€â”€â”€â”€â”€â”€â”€â”€â”€â”€â”€â”€â”€â”€â”€â”€â”€â”€â”€â”€â”€â”€â”€â”€â”€â”€â”€â”€â”€â”€â”€â”€â”€â”€â”€â”€â”€â”€â”€â”€
                                                                                                    
  Running:  admin-assignments-workflow.cy.ts                                               (1 of 10)


  Assignments - Workflow Tests
    1) should complete full navigation workflow
    2) should maintain form data on page reload
    3) should reload assignments list successfully
    4) should navigate to assignment details if assignments exist
    5) should navigate to edit page if assignment has edit link
    6) should handle sequential page transitions
    7) should maintain state after back navigation


  0 passing (30s)
  7 failing

  1) Assignments - Workflow Tests
       should complete full navigation workflow:
     CypressError: `cy.visit()` failed trying to load:

http://localhost:3000/dashboard/assignements

The response we received from your web server was:

  > 404: Not Found

This was considered a failure because the status code was not `2xx`.

If you do not want status codes to cause failures pass the option: `failOnStatusCode: false`
      at <unknown> (http://localhost:3000/__cypress/runner/cypress_runner.js:131591:76)
      at visitFailedByErr (http://localhost:3000/__cypress/runner/cypress_runner.js:131006:12)
      at <unknown> (http://localhost:3000/__cypress/runner/cypress_runner.js:131574:13)
      at tryCatcher (http://localhost:3000/__cypress/runner/cypress_runner.js:1830:23)
      at Promise._settlePromiseFromHandler (http://localhost:3000/__cypress/runner/cypress_runner.js:1542:31)
      at Promise._settlePromise (http://localhost:3000/__cypress/runner/cypress_runner.js:1599:18)
      at Promise._settlePromise0 (http://localhost:3000/__cypress/runner/cypress_runner.js:1644:10)
      at Promise._settlePromises (http://localhost:3000/__cypress/runner/cypress_runner.js:1720:18)
      at _drainQueueStep (http://localhost:3000/__cypress/runner/cypress_runner.js:2430:12)
      at _drainQueue (http://localhost:3000/__cypress/runner/cypress_runner.js:2423:9)
      at Async._drainQueues (http://localhost:3000/__cypress/runner/cypress_runner.js:2439:5)
      at Async.drainQueues (http://localhost:3000/__cypress/runner/cypress_runner.js:2309:14)
  From Your Spec Code:
      at Context.eval (webpack://guitar-crm/./cypress/e2e/core/admin-assignments-workflow.cy.ts:17:0)

  2) Assignments - Workflow Tests
       should maintain form data on page reload:
     CypressError: `cy.visit()` failed trying to load:

http://localhost:3000/dashboard/assignements/new

The response we received from your web server was:

  > 404: Not Found

This was considered a failure because the status code was not `2xx`.

If you do not want status codes to cause failures pass the option: `failOnStatusCode: false`
      at <unknown> (http://localhost:3000/__cypress/runner/cypress_runner.js:131591:76)
      at visitFailedByErr (http://localhost:3000/__cypress/runner/cypress_runner.js:131006:12)
      at <unknown> (http://localhost:3000/__cypress/runner/cypress_runner.js:131574:13)
      at tryCatcher (http://localhost:3000/__cypress/runner/cypress_runner.js:1830:23)
      at Promise._settlePromiseFromHandler (http://localhost:3000/__cypress/runner/cypress_runner.js:1542:31)
      at Promise._settlePromise (http://localhost:3000/__cypress/runner/cypress_runner.js:1599:18)
      at Promise._settlePromise0 (http://localhost:3000/__cypress/runner/cypress_runner.js:1644:10)
      at Promise._settlePromises (http://localhost:3000/__cypress/runner/cypress_runner.js:1720:18)
      at _drainQueueStep (http://localhost:3000/__cypress/runner/cypress_runner.js:2430:12)
      at _drainQueue (http://localhost:3000/__cypress/runner/cypress_runner.js:2423:9)
      at Async._drainQueues (http://localhost:3000/__cypress/runner/cypress_runner.js:2439:5)
      at Async.drainQueues (http://localhost:3000/__cypress/runner/cypress_runner.js:2309:14)
  From Your Spec Code:
      at Context.eval (webpack://guitar-crm/./cypress/e2e/core/admin-assignments-workflow.cy.ts:17:0)

  3) Assignments - Workflow Tests
       should reload assignments list successfully:
     CypressError: `cy.visit()` failed trying to load:

http://localhost:3000/dashboard/assignements

The response we received from your web server was:

  > 404: Not Found

This was considered a failure because the status code was not `2xx`.

If you do not want status codes to cause failures pass the option: `failOnStatusCode: false`
      at <unknown> (http://localhost:3000/__cypress/runner/cypress_runner.js:131591:76)
      at visitFailedByErr (http://localhost:3000/__cypress/runner/cypress_runner.js:131006:12)
      at <unknown> (http://localhost:3000/__cypress/runner/cypress_runner.js:131574:13)
      at tryCatcher (http://localhost:3000/__cypress/runner/cypress_runner.js:1830:23)
      at Promise._settlePromiseFromHandler (http://localhost:3000/__cypress/runner/cypress_runner.js:1542:31)
      at Promise._settlePromise (http://localhost:3000/__cypress/runner/cypress_runner.js:1599:18)
      at Promise._settlePromise0 (http://localhost:3000/__cypress/runner/cypress_runner.js:1644:10)
      at Promise._settlePromises (http://localhost:3000/__cypress/runner/cypress_runner.js:1720:18)
      at _drainQueueStep (http://localhost:3000/__cypress/runner/cypress_runner.js:2430:12)
      at _drainQueue (http://localhost:3000/__cypress/runner/cypress_runner.js:2423:9)
      at Async._drainQueues (http://localhost:3000/__cypress/runner/cypress_runner.js:2439:5)
      at Async.drainQueues (http://localhost:3000/__cypress/runner/cypress_runner.js:2309:14)
  From Your Spec Code:
      at Context.eval (webpack://guitar-crm/./cypress/e2e/core/admin-assignments-workflow.cy.ts:17:0)

  4) Assignments - Workflow Tests
       should navigate to assignment details if assignments exist:
     CypressError: `cy.visit()` failed trying to load:

http://localhost:3000/dashboard/assignements

The response we received from your web server was:

  > 404: Not Found

This was considered a failure because the status code was not `2xx`.

If you do not want status codes to cause failures pass the option: `failOnStatusCode: false`
      at <unknown> (http://localhost:3000/__cypress/runner/cypress_runner.js:131591:76)
      at visitFailedByErr (http://localhost:3000/__cypress/runner/cypress_runner.js:131006:12)
      at <unknown> (http://localhost:3000/__cypress/runner/cypress_runner.js:131574:13)
      at tryCatcher (http://localhost:3000/__cypress/runner/cypress_runner.js:1830:23)
      at Promise._settlePromiseFromHandler (http://localhost:3000/__cypress/runner/cypress_runner.js:1542:31)
      at Promise._settlePromise (http://localhost:3000/__cypress/runner/cypress_runner.js:1599:18)
      at Promise._settlePromise0 (http://localhost:3000/__cypress/runner/cypress_runner.js:1644:10)
      at Promise._settlePromises (http://localhost:3000/__cypress/runner/cypress_runner.js:1720:18)
      at _drainQueueStep (http://localhost:3000/__cypress/runner/cypress_runner.js:2430:12)
      at _drainQueue (http://localhost:3000/__cypress/runner/cypress_runner.js:2423:9)
      at Async._drainQueues (http://localhost:3000/__cypress/runner/cypress_runner.js:2439:5)
      at Async.drainQueues (http://localhost:3000/__cypress/runner/cypress_runner.js:2309:14)
  From Your Spec Code:
      at Context.eval (webpack://guitar-crm/./cypress/e2e/core/admin-assignments-workflow.cy.ts:17:0)

  5) Assignments - Workflow Tests
       should navigate to edit page if assignment has edit link:
     CypressError: `cy.visit()` failed trying to load:

http://localhost:3000/dashboard/assignements

The response we received from your web server was:

  > 404: Not Found

This was considered a failure because the status code was not `2xx`.

If you do not want status codes to cause failures pass the option: `failOnStatusCode: false`
      at <unknown> (http://localhost:3000/__cypress/runner/cypress_runner.js:131591:76)
      at visitFailedByErr (http://localhost:3000/__cypress/runner/cypress_runner.js:131006:12)
      at <unknown> (http://localhost:3000/__cypress/runner/cypress_runner.js:131574:13)
      at tryCatcher (http://localhost:3000/__cypress/runner/cypress_runner.js:1830:23)
      at Promise._settlePromiseFromHandler (http://localhost:3000/__cypress/runner/cypress_runner.js:1542:31)
      at Promise._settlePromise (http://localhost:3000/__cypress/runner/cypress_runner.js:1599:18)
      at Promise._settlePromise0 (http://localhost:3000/__cypress/runner/cypress_runner.js:1644:10)
      at Promise._settlePromises (http://localhost:3000/__cypress/runner/cypress_runner.js:1720:18)
      at _drainQueueStep (http://localhost:3000/__cypress/runner/cypress_runner.js:2430:12)
      at _drainQueue (http://localhost:3000/__cypress/runner/cypress_runner.js:2423:9)
      at Async._drainQueues (http://localhost:3000/__cypress/runner/cypress_runner.js:2439:5)
      at Async.drainQueues (http://localhost:3000/__cypress/runner/cypress_runner.js:2309:14)
  From Your Spec Code:
      at Context.eval (webpack://guitar-crm/./cypress/e2e/core/admin-assignments-workflow.cy.ts:17:0)

  6) Assignments - Workflow Tests
       should handle sequential page transitions:
     CypressError: `cy.visit()` failed trying to load:

http://localhost:3000/dashboard/assignements

The response we received from your web server was:

  > 404: Not Found

This was considered a failure because the status code was not `2xx`.

If you do not want status codes to cause failures pass the option: `failOnStatusCode: false`
      at <unknown> (http://localhost:3000/__cypress/runner/cypress_runner.js:131591:76)
      at visitFailedByErr (http://localhost:3000/__cypress/runner/cypress_runner.js:131006:12)
      at <unknown> (http://localhost:3000/__cypress/runner/cypress_runner.js:131574:13)
      at tryCatcher (http://localhost:3000/__cypress/runner/cypress_runner.js:1830:23)
      at Promise._settlePromiseFromHandler (http://localhost:3000/__cypress/runner/cypress_runner.js:1542:31)
      at Promise._settlePromise (http://localhost:3000/__cypress/runner/cypress_runner.js:1599:18)
      at Promise._settlePromise0 (http://localhost:3000/__cypress/runner/cypress_runner.js:1644:10)
      at Promise._settlePromises (http://localhost:3000/__cypress/runner/cypress_runner.js:1720:18)
      at _drainQueueStep (http://localhost:3000/__cypress/runner/cypress_runner.js:2430:12)
      at _drainQueue (http://localhost:3000/__cypress/runner/cypress_runner.js:2423:9)
      at Async._drainQueues (http://localhost:3000/__cypress/runner/cypress_runner.js:2439:5)
      at Async.drainQueues (http://localhost:3000/__cypress/runner/cypress_runner.js:2309:14)
  From Your Spec Code:
      at Context.eval (webpack://guitar-crm/./cypress/e2e/core/admin-assignments-workflow.cy.ts:17:0)

  7) Assignments - Workflow Tests
       should maintain state after back navigation:
     CypressError: `cy.visit()` failed trying to load:

http://localhost:3000/dashboard/assignements

The response we received from your web server was:

  > 404: Not Found

This was considered a failure because the status code was not `2xx`.

If you do not want status codes to cause failures pass the option: `failOnStatusCode: false`
      at <unknown> (http://localhost:3000/__cypress/runner/cypress_runner.js:131591:76)
      at visitFailedByErr (http://localhost:3000/__cypress/runner/cypress_runner.js:131006:12)
      at <unknown> (http://localhost:3000/__cypress/runner/cypress_runner.js:131574:13)
      at tryCatcher (http://localhost:3000/__cypress/runner/cypress_runner.js:1830:23)
      at Promise._settlePromiseFromHandler (http://localhost:3000/__cypress/runner/cypress_runner.js:1542:31)
      at Promise._settlePromise (http://localhost:3000/__cypress/runner/cypress_runner.js:1599:18)
      at Promise._settlePromise0 (http://localhost:3000/__cypress/runner/cypress_runner.js:1644:10)
      at Promise._settlePromises (http://localhost:3000/__cypress/runner/cypress_runner.js:1720:18)
      at _drainQueueStep (http://localhost:3000/__cypress/runner/cypress_runner.js:2430:12)
      at _drainQueue (http://localhost:3000/__cypress/runner/cypress_runner.js:2423:9)
      at Async._drainQueues (http://localhost:3000/__cypress/runner/cypress_runner.js:2439:5)
      at Async.drainQueues (http://localhost:3000/__cypress/runner/cypress_runner.js:2309:14)
  From Your Spec Code:
      at Context.eval (webpack://guitar-crm/./cypress/e2e/core/admin-assignments-workflow.cy.ts:17:0)




  (Results)

  â”Œâ”€â”€â”€â”€â”€â”€â”€â”€â”€â”€â”€â”€â”€â”€â”€â”€â”€â”€â”€â”€â”€â”€â”€â”€â”€â”€â”€â”€â”€â”€â”€â”€â”€â”€â”€â”€â”€â”€â”€â”€â”€â”€â”€â”€â”€â”€â”€â”€â”€â”€â”€â”€â”€â”€â”€â”€â”€â”€â”€â”€â”€â”€â”€â”€â”€â”€â”€â”€â”€â”€â”€â”€â”€â”€â”€â”€â”€â”€â”€â”€â”€â”€â”€â”€â”€â”€â”€â”€â”€â”€â”€â”€â”€â”€â”€â”€â”
  â”‚ Tests:        7                                                                                â”‚
  â”‚ Passing:      0                                                                                â”‚
  â”‚ Failing:      7                                                                                â”‚
  â”‚ Pending:      0                                                                                â”‚
  â”‚ Skipped:      0                                                                                â”‚
  â”‚ Screenshots:  7                                                                                â”‚
  â”‚ Video:        false                                                                            â”‚
  â”‚ Duration:     29 seconds                                                                       â”‚
  â”‚ Spec Ran:     admin-assignments-workflow.cy.ts                                                 â”‚
  â””â”€â”€â”€â”€â”€â”€â”€â”€â”€â”€â”€â”€â”€â”€â”€â”€â”€â”€â”€â”€â”€â”€â”€â”€â”€â”€â”€â”€â”€â”€â”€â”€â”€â”€â”€â”€â”€â”€â”€â”€â”€â”€â”€â”€â”€â”€â”€â”€â”€â”€â”€â”€â”€â”€â”€â”€â”€â”€â”€â”€â”€â”€â”€â”€â”€â”€â”€â”€â”€â”€â”€â”€â”€â”€â”€â”€â”€â”€â”€â”€â”€â”€â”€â”€â”€â”€â”€â”€â”€â”€â”€â”€â”€â”€â”€â”€â”˜


  (Screenshots)

  -  /home/piotr/Desktop/guitar-crm/cypress/screenshots/admin-assignments-workflow.cy     (1280x720)
     .ts/Assignments - Workflow Tests -- should complete full navigation workflow (fa               
     iled).png                                                                                      
  -  /home/piotr/Desktop/guitar-crm/cypress/screenshots/admin-assignments-workflow.cy     (1280x720)
     .ts/Assignments - Workflow Tests -- should maintain form data on page reload (fa               
     iled).png                                                                                      
  -  /home/piotr/Desktop/guitar-crm/cypress/screenshots/admin-assignments-workflow.cy     (1280x720)
     .ts/Assignments - Workflow Tests -- should reload assignments list successfully                
     (failed).png                                                                                   
  -  /home/piotr/Desktop/guitar-crm/cypress/screenshots/admin-assignments-workflow.cy     (1280x720)
     .ts/Assignments - Workflow Tests -- should navigate to assignment details if ass               
     ignments exist (failed).png                                                                    
  -  /home/piotr/Desktop/guitar-crm/cypress/screenshots/admin-assignments-workflow.cy     (1280x720)
     .ts/Assignments - Workflow Tests -- should navigate to edit page if assignment h               
     as edit link (failed).png                                                                      
  -  /home/piotr/Desktop/guitar-crm/cypress/screenshots/admin-assignments-workflow.cy     (1280x720)
     .ts/Assignments - Workflow Tests -- should handle sequential page transitions (f               
     ailed).png                                                                                     
  -  /home/piotr/Desktop/guitar-crm/cypress/screenshots/admin-assignments-workflow.cy     (1280x720)
     .ts/Assignments - Workflow Tests -- should maintain state after back navigation                
     (failed).png                                                                                   


â”€â”€â”€â”€â”€â”€â”€â”€â”€â”€â”€â”€â”€â”€â”€â”€â”€â”€â”€â”€â”€â”€â”€â”€â”€â”€â”€â”€â”€â”€â”€â”€â”€â”€â”€â”€â”€â”€â”€â”€â”€â”€â”€â”€â”€â”€â”€â”€â”€â”€â”€â”€â”€â”€â”€â”€â”€â”€â”€â”€â”€â”€â”€â”€â”€â”€â”€â”€â”€â”€â”€â”€â”€â”€â”€â”€â”€â”€â”€â”€â”€â”€â”€â”€â”€â”€â”€â”€â”€â”€â”€â”€â”€â”€â”€â”€â”€â”€â”€â”€
                                                                                                    
  Running:  admin-lessons-workflow.cy.ts                                                   (2 of 10)


  Lessons - Workflow Tests
    âœ“ should complete full lesson workflow (6446ms)
    âœ“ should reload form without losing state (4342ms)
    âœ“ should view lesson details after creation (3453ms)
    âœ“ should navigate to edit page from details (3563ms)
    âœ“ should perform sequential transitions through lesson pages (4056ms)
    âœ“ should maintain workflow across multiple navigation steps (5349ms)


  6 passing (28s)


  (Results)

  â”Œâ”€â”€â”€â”€â”€â”€â”€â”€â”€â”€â”€â”€â”€â”€â”€â”€â”€â”€â”€â”€â”€â”€â”€â”€â”€â”€â”€â”€â”€â”€â”€â”€â”€â”€â”€â”€â”€â”€â”€â”€â”€â”€â”€â”€â”€â”€â”€â”€â”€â”€â”€â”€â”€â”€â”€â”€â”€â”€â”€â”€â”€â”€â”€â”€â”€â”€â”€â”€â”€â”€â”€â”€â”€â”€â”€â”€â”€â”€â”€â”€â”€â”€â”€â”€â”€â”€â”€â”€â”€â”€â”€â”€â”€â”€â”€â”€â”
  â”‚ Tests:        6                                                                                â”‚
  â”‚ Passing:      6                                                                                â”‚
  â”‚ Failing:      0                                                                                â”‚
  â”‚ Pending:      0                                                                                â”‚
  â”‚ Skipped:      0                                                                                â”‚
  â”‚ Screenshots:  0                                                                                â”‚
  â”‚ Video:        false                                                                            â”‚
  â”‚ Duration:     27 seconds                                                                       â”‚
  â”‚ Spec Ran:     admin-lessons-workflow.cy.ts                                                     â”‚
  â””â”€â”€â”€â”€â”€â”€â”€â”€â”€â”€â”€â”€â”€â”€â”€â”€â”€â”€â”€â”€â”€â”€â”€â”€â”€â”€â”€â”€â”€â”€â”€â”€â”€â”€â”€â”€â”€â”€â”€â”€â”€â”€â”€â”€â”€â”€â”€â”€â”€â”€â”€â”€â”€â”€â”€â”€â”€â”€â”€â”€â”€â”€â”€â”€â”€â”€â”€â”€â”€â”€â”€â”€â”€â”€â”€â”€â”€â”€â”€â”€â”€â”€â”€â”€â”€â”€â”€â”€â”€â”€â”€â”€â”€â”€â”€â”€â”˜


â”€â”€â”€â”€â”€â”€â”€â”€â”€â”€â”€â”€â”€â”€â”€â”€â”€â”€â”€â”€â”€â”€â”€â”€â”€â”€â”€â”€â”€â”€â”€â”€â”€â”€â”€â”€â”€â”€â”€â”€â”€â”€â”€â”€â”€â”€â”€â”€â”€â”€â”€â”€â”€â”€â”€â”€â”€â”€â”€â”€â”€â”€â”€â”€â”€â”€â”€â”€â”€â”€â”€â”€â”€â”€â”€â”€â”€â”€â”€â”€â”€â”€â”€â”€â”€â”€â”€â”€â”€â”€â”€â”€â”€â”€â”€â”€â”€â”€â”€â”€
                                                                                                    
  Running:  admin-songs-workflow.cy.ts                                                     (3 of 10)


  Songs - Workflow Tests
    âœ“ should complete full navigation workflow (6481ms)
    âœ“ should maintain form data on page reload (3895ms)
    âœ“ should reload songs list successfully (4245ms)
    1) should navigate to song details if songs exist
    âœ“ should navigate to edit page if song has edit link (3138ms)
    âœ“ should handle sequential page transitions (8231ms)
    âœ“ should maintain state after back navigation (5428ms)


  6 passing (36s)
  1 failing

  1) Songs - Workflow Tests
       should navigate to song details if songs exist:
     CypressError: `cy.visit()` failed trying to load:

http://localhost:3000/dashboard/songs/10f2ff8b-72e4-4bb5-aaec-b83aa5b79105

The response we received from your web server was:

  > 500: Internal Server Error

This was considered a failure because the status code was not `2xx`.

If you do not want status codes to cause failures pass the option: `failOnStatusCode: false`
      at <unknown> (http://localhost:3000/__cypress/runner/cypress_runner.js:131591:76)
      at visitFailedByErr (http://localhost:3000/__cypress/runner/cypress_runner.js:131006:12)
      at <unknown> (http://localhost:3000/__cypress/runner/cypress_runner.js:131574:13)
      at tryCatcher (http://localhost:3000/__cypress/runner/cypress_runner.js:1830:23)
      at Promise._settlePromiseFromHandler (http://localhost:3000/__cypress/runner/cypress_runner.js:1542:31)
      at Promise._settlePromise (http://localhost:3000/__cypress/runner/cypress_runner.js:1599:18)
      at Promise._settlePromise0 (http://localhost:3000/__cypress/runner/cypress_runner.js:1644:10)
      at Promise._settlePromises (http://localhost:3000/__cypress/runner/cypress_runner.js:1720:18)
      at _drainQueueStep (http://localhost:3000/__cypress/runner/cypress_runner.js:2430:12)
      at _drainQueue (http://localhost:3000/__cypress/runner/cypress_runner.js:2423:9)
      at Async._drainQueues (http://localhost:3000/__cypress/runner/cypress_runner.js:2439:5)
      at Async.drainQueues (http://localhost:3000/__cypress/runner/cypress_runner.js:2309:14)
  From Your Spec Code:
      at Context.eval (webpack://guitar-crm/./cypress/e2e/core/admin-songs-workflow.cy.ts:24:0)




  (Results)

  â”Œâ”€â”€â”€â”€â”€â”€â”€â”€â”€â”€â”€â”€â”€â”€â”€â”€â”€â”€â”€â”€â”€â”€â”€â”€â”€â”€â”€â”€â”€â”€â”€â”€â”€â”€â”€â”€â”€â”€â”€â”€â”€â”€â”€â”€â”€â”€â”€â”€â”€â”€â”€â”€â”€â”€â”€â”€â”€â”€â”€â”€â”€â”€â”€â”€â”€â”€â”€â”€â”€â”€â”€â”€â”€â”€â”€â”€â”€â”€â”€â”€â”€â”€â”€â”€â”€â”€â”€â”€â”€â”€â”€â”€â”€â”€â”€â”€â”
  â”‚ Tests:        7                                                                                â”‚
  â”‚ Passing:      6                                                                                â”‚
  â”‚ Failing:      1                                                                                â”‚
  â”‚ Pending:      0                                                                                â”‚
  â”‚ Skipped:      0                                                                                â”‚
  â”‚ Screenshots:  1                                                                                â”‚
  â”‚ Video:        false                                                                            â”‚
  â”‚ Duration:     36 seconds                                                                       â”‚
  â”‚ Spec Ran:     admin-songs-workflow.cy.ts                                                       â”‚
  â””â”€â”€â”€â”€â”€â”€â”€â”€â”€â”€â”€â”€â”€â”€â”€â”€â”€â”€â”€â”€â”€â”€â”€â”€â”€â”€â”€â”€â”€â”€â”€â”€â”€â”€â”€â”€â”€â”€â”€â”€â”€â”€â”€â”€â”€â”€â”€â”€â”€â”€â”€â”€â”€â”€â”€â”€â”€â”€â”€â”€â”€â”€â”€â”€â”€â”€â”€â”€â”€â”€â”€â”€â”€â”€â”€â”€â”€â”€â”€â”€â”€â”€â”€â”€â”€â”€â”€â”€â”€â”€â”€â”€â”€â”€â”€â”€â”˜


  (Screenshots)

  -  /home/piotr/Desktop/guitar-crm/cypress/screenshots/admin-songs-workflow.cy.ts/So     (1280x720)
     ngs - Workflow Tests -- should navigate to song details if songs exist (failed).               
     png                                                                                            


â”€â”€â”€â”€â”€â”€â”€â”€â”€â”€â”€â”€â”€â”€â”€â”€â”€â”€â”€â”€â”€â”€â”€â”€â”€â”€â”€â”€â”€â”€â”€â”€â”€â”€â”€â”€â”€â”€â”€â”€â”€â”€â”€â”€â”€â”€â”€â”€â”€â”€â”€â”€â”€â”€â”€â”€â”€â”€â”€â”€â”€â”€â”€â”€â”€â”€â”€â”€â”€â”€â”€â”€â”€â”€â”€â”€â”€â”€â”€â”€â”€â”€â”€â”€â”€â”€â”€â”€â”€â”€â”€â”€â”€â”€â”€â”€â”€â”€â”€â”€
                                                                                                    
  Running:  admin-users-workflow.cy.ts                                                     (4 of 10)


  Admin - Users Workflow
    1) should create a new user
    2) should edit an existing user
    âœ“ should delete a user (2066ms)


  1 passing (19s)
  2 failing

  1) Admin - Users Workflow
       should create a new user:
     CypressError: `cy.check()` can only be called on `:checkbox` and `:radio`. Your subject is a: `<button type="button" role="checkbox" aria-checked="false" data-state="unchecked" value="on" data-slot="checkbox" class="peer border-input dark:bg-input/30 data-[state=checked]:bg-primary data-[state=checked]:text-primary-foreground dark:data-[state=checked]:bg-primary data-[state=checked]:border-primary focus-visible:border-ring focus-visible:ring-ring/50 aria-invalid:ring-destructive/20 dark:aria-invalid:ring-destructive/40 aria-invalid:border-destructive size-4 shrink-0 rounded-[4px] border shadow-xs transition-shadow outline-none focus-visible:ring-[3px] disabled:cursor-not-allowed disabled:opacity-50" id="isStudent" data-testid="isStudent-checkbox"></button>`

https://on.cypress.io/check
      at checkOrUncheckEl (http://localhost:3000/__cypress/runner/cypress_runner.js:112290:68)
      at tryCatcher (http://localhost:3000/__cypress/runner/cypress_runner.js:1830:23)
      at Object.gotValue (http://localhost:3000/__cypress/runner/cypress_runner.js:6499:18)
      at Object.gotAccum (http://localhost:3000/__cypress/runner/cypress_runner.js:6488:25)
      at Object.tryCatcher (http://localhost:3000/__cypress/runner/cypress_runner.js:1830:23)
      at Promise._settlePromiseFromHandler (http://localhost:3000/__cypress/runner/cypress_runner.js:1542:31)
      at Promise._settlePromise (http://localhost:3000/__cypress/runner/cypress_runner.js:1599:18)
      at Promise._settlePromiseCtx (http://localhost:3000/__cypress/runner/cypress_runner.js:1636:10)
      at _drainQueueStep (http://localhost:3000/__cypress/runner/cypress_runner.js:2434:12)
      at _drainQueue (http://localhost:3000/__cypress/runner/cypress_runner.js:2423:9)
      at Async._drainQueues (http://localhost:3000/__cypress/runner/cypress_runner.js:2439:5)
      at Async.drainQueues (http://localhost:3000/__cypress/runner/cypress_runner.js:2309:14)
  From Your Spec Code:
      at Context.eval (webpack://guitar-crm/./cypress/e2e/core/admin-users-workflow.cy.ts:15:0)

  2) Admin - Users Workflow
       should edit an existing user:

      Timed out retrying after 4000ms
      + expected - actual

      -'/dashboard/users/5a302d7a-5329-4070-b07e-c80209372cf6/edit'
      +'/dashboard/users'
      
      at Context.eval (webpack://guitar-crm/./cypress/e2e/core/admin-users-workflow.cy.ts:49:0)




  (Results)

  â”Œâ”€â”€â”€â”€â”€â”€â”€â”€â”€â”€â”€â”€â”€â”€â”€â”€â”€â”€â”€â”€â”€â”€â”€â”€â”€â”€â”€â”€â”€â”€â”€â”€â”€â”€â”€â”€â”€â”€â”€â”€â”€â”€â”€â”€â”€â”€â”€â”€â”€â”€â”€â”€â”€â”€â”€â”€â”€â”€â”€â”€â”€â”€â”€â”€â”€â”€â”€â”€â”€â”€â”€â”€â”€â”€â”€â”€â”€â”€â”€â”€â”€â”€â”€â”€â”€â”€â”€â”€â”€â”€â”€â”€â”€â”€â”€â”€â”
  â”‚ Tests:        3                                                                                â”‚
  â”‚ Passing:      1                                                                                â”‚
  â”‚ Failing:      2                                                                                â”‚
  â”‚ Pending:      0                                                                                â”‚
  â”‚ Skipped:      0                                                                                â”‚
  â”‚ Screenshots:  2                                                                                â”‚
  â”‚ Video:        false                                                                            â”‚
  â”‚ Duration:     19 seconds                                                                       â”‚
  â”‚ Spec Ran:     admin-users-workflow.cy.ts                                                       â”‚
  â””â”€â”€â”€â”€â”€â”€â”€â”€â”€â”€â”€â”€â”€â”€â”€â”€â”€â”€â”€â”€â”€â”€â”€â”€â”€â”€â”€â”€â”€â”€â”€â”€â”€â”€â”€â”€â”€â”€â”€â”€â”€â”€â”€â”€â”€â”€â”€â”€â”€â”€â”€â”€â”€â”€â”€â”€â”€â”€â”€â”€â”€â”€â”€â”€â”€â”€â”€â”€â”€â”€â”€â”€â”€â”€â”€â”€â”€â”€â”€â”€â”€â”€â”€â”€â”€â”€â”€â”€â”€â”€â”€â”€â”€â”€â”€â”€â”˜


  (Screenshots)

  -  /home/piotr/Desktop/guitar-crm/cypress/screenshots/admin-users-workflow.cy.ts/Ad     (1280x720)
     min - Users Workflow -- should create a new user (failed).png                                  
  -  /home/piotr/Desktop/guitar-crm/cypress/screenshots/admin-users-workflow.cy.ts/Ad     (1280x720)
     min - Users Workflow -- should edit an existing user (failed).png                              


â”€â”€â”€â”€â”€â”€â”€â”€â”€â”€â”€â”€â”€â”€â”€â”€â”€â”€â”€â”€â”€â”€â”€â”€â”€â”€â”€â”€â”€â”€â”€â”€â”€â”€â”€â”€â”€â”€â”€â”€â”€â”€â”€â”€â”€â”€â”€â”€â”€â”€â”€â”€â”€â”€â”€â”€â”€â”€â”€â”€â”€â”€â”€â”€â”€â”€â”€â”€â”€â”€â”€â”€â”€â”€â”€â”€â”€â”€â”€â”€â”€â”€â”€â”€â”€â”€â”€â”€â”€â”€â”€â”€â”€â”€â”€â”€â”€â”€â”€â”€
                                                                                                    
  Running:  assignment-details.cy.ts                                                       (5 of 10)


  Assignment Detail View
    1) should display assignment details correctly


  0 passing (9s)
  1 failing

  1) Assignment Detail View
       should display assignment details correctly:
     AssertionError: Timed out retrying after 4000ms: Expected to find element: `[data-testid="title-input"]`, but never found it.
      at Context.eval (webpack://guitar-crm/./cypress/e2e/core/assignment-details.cy.ts:18:0)




  (Results)

  â”Œâ”€â”€â”€â”€â”€â”€â”€â”€â”€â”€â”€â”€â”€â”€â”€â”€â”€â”€â”€â”€â”€â”€â”€â”€â”€â”€â”€â”€â”€â”€â”€â”€â”€â”€â”€â”€â”€â”€â”€â”€â”€â”€â”€â”€â”€â”€â”€â”€â”€â”€â”€â”€â”€â”€â”€â”€â”€â”€â”€â”€â”€â”€â”€â”€â”€â”€â”€â”€â”€â”€â”€â”€â”€â”€â”€â”€â”€â”€â”€â”€â”€â”€â”€â”€â”€â”€â”€â”€â”€â”€â”€â”€â”€â”€â”€â”€â”
  â”‚ Tests:        1                                                                                â”‚
  â”‚ Passing:      0                                                                                â”‚
  â”‚ Failing:      1                                                                                â”‚
  â”‚ Pending:      0                                                                                â”‚
  â”‚ Skipped:      0                                                                                â”‚
  â”‚ Screenshots:  1                                                                                â”‚
  â”‚ Video:        false                                                                            â”‚
  â”‚ Duration:     8 seconds                                                                        â”‚
  â”‚ Spec Ran:     assignment-details.cy.ts                                                         â”‚
  â””â”€â”€â”€â”€â”€â”€â”€â”€â”€â”€â”€â”€â”€â”€â”€â”€â”€â”€â”€â”€â”€â”€â”€â”€â”€â”€â”€â”€â”€â”€â”€â”€â”€â”€â”€â”€â”€â”€â”€â”€â”€â”€â”€â”€â”€â”€â”€â”€â”€â”€â”€â”€â”€â”€â”€â”€â”€â”€â”€â”€â”€â”€â”€â”€â”€â”€â”€â”€â”€â”€â”€â”€â”€â”€â”€â”€â”€â”€â”€â”€â”€â”€â”€â”€â”€â”€â”€â”€â”€â”€â”€â”€â”€â”€â”€â”€â”˜


  (Screenshots)

  -  /home/piotr/Desktop/guitar-crm/cypress/screenshots/assignment-details.cy.ts/Assi     (1280x720)
     gnment Detail View -- should display assignment details correctly (failed).png                 


â”€â”€â”€â”€â”€â”€â”€â”€â”€â”€â”€â”€â”€â”€â”€â”€â”€â”€â”€â”€â”€â”€â”€â”€â”€â”€â”€â”€â”€â”€â”€â”€â”€â”€â”€â”€â”€â”€â”€â”€â”€â”€â”€â”€â”€â”€â”€â”€â”€â”€â”€â”€â”€â”€â”€â”€â”€â”€â”€â”€â”€â”€â”€â”€â”€â”€â”€â”€â”€â”€â”€â”€â”€â”€â”€â”€â”€â”€â”€â”€â”€â”€â”€â”€â”€â”€â”€â”€â”€â”€â”€â”€â”€â”€â”€â”€â”€â”€â”€â”€
                                                                                                    
  Running:  auth_dashboard_redirect.cy.ts                                                  (6 of 10)


  Dashboard auth redirects
    âœ“ redirects unauthenticated user from /dashboard to /auth/login (733ms)


  1 passing (823ms)


  (Results)

  â”Œâ”€â”€â”€â”€â”€â”€â”€â”€â”€â”€â”€â”€â”€â”€â”€â”€â”€â”€â”€â”€â”€â”€â”€â”€â”€â”€â”€â”€â”€â”€â”€â”€â”€â”€â”€â”€â”€â”€â”€â”€â”€â”€â”€â”€â”€â”€â”€â”€â”€â”€â”€â”€â”€â”€â”€â”€â”€â”€â”€â”€â”€â”€â”€â”€â”€â”€â”€â”€â”€â”€â”€â”€â”€â”€â”€â”€â”€â”€â”€â”€â”€â”€â”€â”€â”€â”€â”€â”€â”€â”€â”€â”€â”€â”€â”€â”€â”
  â”‚ Tests:        1                                                                                â”‚
  â”‚ Passing:      1                                                                                â”‚
  â”‚ Failing:      0                                                                                â”‚
  â”‚ Pending:      0                                                                                â”‚
  â”‚ Skipped:      0                                                                                â”‚
  â”‚ Screenshots:  0                                                                                â”‚
  â”‚ Video:        false                                                                            â”‚
  â”‚ Duration:     0 seconds                                                                        â”‚
  â”‚ Spec Ran:     auth_dashboard_redirect.cy.ts                                                    â”‚
  â””â”€â”€â”€â”€â”€â”€â”€â”€â”€â”€â”€â”€â”€â”€â”€â”€â”€â”€â”€â”€â”€â”€â”€â”€â”€â”€â”€â”€â”€â”€â”€â”€â”€â”€â”€â”€â”€â”€â”€â”€â”€â”€â”€â”€â”€â”€â”€â”€â”€â”€â”€â”€â”€â”€â”€â”€â”€â”€â”€â”€â”€â”€â”€â”€â”€â”€â”€â”€â”€â”€â”€â”€â”€â”€â”€â”€â”€â”€â”€â”€â”€â”€â”€â”€â”€â”€â”€â”€â”€â”€â”€â”€â”€â”€â”€â”€â”˜


â”€â”€â”€â”€â”€â”€â”€â”€â”€â”€â”€â”€â”€â”€â”€â”€â”€â”€â”€â”€â”€â”€â”€â”€â”€â”€â”€â”€â”€â”€â”€â”€â”€â”€â”€â”€â”€â”€â”€â”€â”€â”€â”€â”€â”€â”€â”€â”€â”€â”€â”€â”€â”€â”€â”€â”€â”€â”€â”€â”€â”€â”€â”€â”€â”€â”€â”€â”€â”€â”€â”€â”€â”€â”€â”€â”€â”€â”€â”€â”€â”€â”€â”€â”€â”€â”€â”€â”€â”€â”€â”€â”€â”€â”€â”€â”€â”€â”€â”€â”€
                                                                                                    
  Running:  shadow-user.cy.ts                                                              (7 of 10)


  Shadow User Management
    âœ“ should create a shadow user without email (6363ms)
    âœ“ should create a shadow user with email (7701ms)


  2 passing (14s)


  (Results)

  â”Œâ”€â”€â”€â”€â”€â”€â”€â”€â”€â”€â”€â”€â”€â”€â”€â”€â”€â”€â”€â”€â”€â”€â”€â”€â”€â”€â”€â”€â”€â”€â”€â”€â”€â”€â”€â”€â”€â”€â”€â”€â”€â”€â”€â”€â”€â”€â”€â”€â”€â”€â”€â”€â”€â”€â”€â”€â”€â”€â”€â”€â”€â”€â”€â”€â”€â”€â”€â”€â”€â”€â”€â”€â”€â”€â”€â”€â”€â”€â”€â”€â”€â”€â”€â”€â”€â”€â”€â”€â”€â”€â”€â”€â”€â”€â”€â”€â”
  â”‚ Tests:        2                                                                                â”‚
  â”‚ Passing:      2                                                                                â”‚
  â”‚ Failing:      0                                                                                â”‚
  â”‚ Pending:      0                                                                                â”‚
  â”‚ Skipped:      0                                                                                â”‚
  â”‚ Screenshots:  0                                                                                â”‚
  â”‚ Video:        false                                                                            â”‚
  â”‚ Duration:     14 seconds                                                                       â”‚
  â”‚ Spec Ran:     shadow-user.cy.ts                                                                â”‚
  â””â”€â”€â”€â”€â”€â”€â”€â”€â”€â”€â”€â”€â”€â”€â”€â”€â”€â”€â”€â”€â”€â”€â”€â”€â”€â”€â”€â”€â”€â”€â”€â”€â”€â”€â”€â”€â”€â”€â”€â”€â”€â”€â”€â”€â”€â”€â”€â”€â”€â”€â”€â”€â”€â”€â”€â”€â”€â”€â”€â”€â”€â”€â”€â”€â”€â”€â”€â”€â”€â”€â”€â”€â”€â”€â”€â”€â”€â”€â”€â”€â”€â”€â”€â”€â”€â”€â”€â”€â”€â”€â”€â”€â”€â”€â”€â”€â”˜


â”€â”€â”€â”€â”€â”€â”€â”€â”€â”€â”€â”€â”€â”€â”€â”€â”€â”€â”€â”€â”€â”€â”€â”€â”€â”€â”€â”€â”€â”€â”€â”€â”€â”€â”€â”€â”€â”€â”€â”€â”€â”€â”€â”€â”€â”€â”€â”€â”€â”€â”€â”€â”€â”€â”€â”€â”€â”€â”€â”€â”€â”€â”€â”€â”€â”€â”€â”€â”€â”€â”€â”€â”€â”€â”€â”€â”€â”€â”€â”€â”€â”€â”€â”€â”€â”€â”€â”€â”€â”€â”€â”€â”€â”€â”€â”€â”€â”€â”€â”€
                                                                                                    
  Running:  student-dashboard.cy.ts                                                        (8 of 10)


  Student - Dashboard
    1) should display student dashboard overview
    âœ“ should NOT see admin/teacher controls (3665ms)


  1 passing (12s)
  1 failing

  1) Student - Dashboard
       should display student dashboard overview:
     AssertionError: Timed out retrying after 4000ms: Expected to find content: 'Upcoming Lessons' but never did.
      at Context.eval (webpack://guitar-crm/./cypress/e2e/core/student-dashboard.cy.ts:19:0)




  (Results)

  â”Œâ”€â”€â”€â”€â”€â”€â”€â”€â”€â”€â”€â”€â”€â”€â”€â”€â”€â”€â”€â”€â”€â”€â”€â”€â”€â”€â”€â”€â”€â”€â”€â”€â”€â”€â”€â”€â”€â”€â”€â”€â”€â”€â”€â”€â”€â”€â”€â”€â”€â”€â”€â”€â”€â”€â”€â”€â”€â”€â”€â”€â”€â”€â”€â”€â”€â”€â”€â”€â”€â”€â”€â”€â”€â”€â”€â”€â”€â”€â”€â”€â”€â”€â”€â”€â”€â”€â”€â”€â”€â”€â”€â”€â”€â”€â”€â”€â”
  â”‚ Tests:        2                                                                                â”‚
  â”‚ Passing:      1                                                                                â”‚
  â”‚ Failing:      1                                                                                â”‚
  â”‚ Pending:      0                                                                                â”‚
  â”‚ Skipped:      0                                                                                â”‚
  â”‚ Screenshots:  1                                                                                â”‚
  â”‚ Video:        false                                                                            â”‚
  â”‚ Duration:     12 seconds                                                                       â”‚
  â”‚ Spec Ran:     student-dashboard.cy.ts                                                          â”‚
  â””â”€â”€â”€â”€â”€â”€â”€â”€â”€â”€â”€â”€â”€â”€â”€â”€â”€â”€â”€â”€â”€â”€â”€â”€â”€â”€â”€â”€â”€â”€â”€â”€â”€â”€â”€â”€â”€â”€â”€â”€â”€â”€â”€â”€â”€â”€â”€â”€â”€â”€â”€â”€â”€â”€â”€â”€â”€â”€â”€â”€â”€â”€â”€â”€â”€â”€â”€â”€â”€â”€â”€â”€â”€â”€â”€â”€â”€â”€â”€â”€â”€â”€â”€â”€â”€â”€â”€â”€â”€â”€â”€â”€â”€â”€â”€â”€â”˜


  (Screenshots)

  -  /home/piotr/Desktop/guitar-crm/cypress/screenshots/student-dashboard.cy.ts/Stude     (1280x720)
     nt - Dashboard -- should display student dashboard overview (failed).png                       


â”€â”€â”€â”€â”€â”€â”€â”€â”€â”€â”€â”€â”€â”€â”€â”€â”€â”€â”€â”€â”€â”€â”€â”€â”€â”€â”€â”€â”€â”€â”€â”€â”€â”€â”€â”€â”€â”€â”€â”€â”€â”€â”€â”€â”€â”€â”€â”€â”€â”€â”€â”€â”€â”€â”€â”€â”€â”€â”€â”€â”€â”€â”€â”€â”€â”€â”€â”€â”€â”€â”€â”€â”€â”€â”€â”€â”€â”€â”€â”€â”€â”€â”€â”€â”€â”€â”€â”€â”€â”€â”€â”€â”€â”€â”€â”€â”€â”€â”€â”€
                                                                                                    
  Running:  teacher-assignments.cy.ts                                                      (9 of 10)


  Teacher - Assignment Management
    1) should create an assignment for a student
    2) should track assignment status


  0 passing (16s)
  2 failing

  1) Teacher - Assignment Management
       should create an assignment for a student:
     AssertionError: Timed out retrying after 4000ms: Expected to find element: `[data-testid="title-input"]`, but never found it.
      at Context.eval (webpack://guitar-crm/./cypress/e2e/core/teacher-assignments.cy.ts:16:0)

  2) Teacher - Assignment Management
       should track assignment status:
     AssertionError: Timed out retrying after 4000ms: Expected to find content: 'Practice 1765195734509' but never did.
      at Context.eval (webpack://guitar-crm/./cypress/e2e/core/teacher-assignments.cy.ts:27:0)




  (Results)

  â”Œâ”€â”€â”€â”€â”€â”€â”€â”€â”€â”€â”€â”€â”€â”€â”€â”€â”€â”€â”€â”€â”€â”€â”€â”€â”€â”€â”€â”€â”€â”€â”€â”€â”€â”€â”€â”€â”€â”€â”€â”€â”€â”€â”€â”€â”€â”€â”€â”€â”€â”€â”€â”€â”€â”€â”€â”€â”€â”€â”€â”€â”€â”€â”€â”€â”€â”€â”€â”€â”€â”€â”€â”€â”€â”€â”€â”€â”€â”€â”€â”€â”€â”€â”€â”€â”€â”€â”€â”€â”€â”€â”€â”€â”€â”€â”€â”€â”
  â”‚ Tests:        2                                                                                â”‚
  â”‚ Passing:      0                                                                                â”‚
  â”‚ Failing:      2                                                                                â”‚
  â”‚ Pending:      0                                                                                â”‚
  â”‚ Skipped:      0                                                                                â”‚
  â”‚ Screenshots:  2                                                                                â”‚
  â”‚ Video:        false                                                                            â”‚
  â”‚ Duration:     16 seconds                                                                       â”‚
  â”‚ Spec Ran:     teacher-assignments.cy.ts                                                        â”‚
  â””â”€â”€â”€â”€â”€â”€â”€â”€â”€â”€â”€â”€â”€â”€â”€â”€â”€â”€â”€â”€â”€â”€â”€â”€â”€â”€â”€â”€â”€â”€â”€â”€â”€â”€â”€â”€â”€â”€â”€â”€â”€â”€â”€â”€â”€â”€â”€â”€â”€â”€â”€â”€â”€â”€â”€â”€â”€â”€â”€â”€â”€â”€â”€â”€â”€â”€â”€â”€â”€â”€â”€â”€â”€â”€â”€â”€â”€â”€â”€â”€â”€â”€â”€â”€â”€â”€â”€â”€â”€â”€â”€â”€â”€â”€â”€â”€â”˜


  (Screenshots)

  -  /home/piotr/Desktop/guitar-crm/cypress/screenshots/teacher-assignments.cy.ts/Tea     (1280x720)
     cher - Assignment Management -- should create an assignment for a student (faile               
     d).png                                                                                         
  -  /home/piotr/Desktop/guitar-crm/cypress/screenshots/teacher-assignments.cy.ts/Tea     (1280x720)
     cher - Assignment Management -- should track assignment status (failed).png                    


â”€â”€â”€â”€â”€â”€â”€â”€â”€â”€â”€â”€â”€â”€â”€â”€â”€â”€â”€â”€â”€â”€â”€â”€â”€â”€â”€â”€â”€â”€â”€â”€â”€â”€â”€â”€â”€â”€â”€â”€â”€â”€â”€â”€â”€â”€â”€â”€â”€â”€â”€â”€â”€â”€â”€â”€â”€â”€â”€â”€â”€â”€â”€â”€â”€â”€â”€â”€â”€â”€â”€â”€â”€â”€â”€â”€â”€â”€â”€â”€â”€â”€â”€â”€â”€â”€â”€â”€â”€â”€â”€â”€â”€â”€â”€â”€â”€â”€â”€â”€
                                                                                                    
  Running:  teacher-lessons.cy.ts                                                         (10 of 10)


  Teacher - Lesson Management
    1) should create a new lesson for a student
    2) should edit an existing lesson
    3) should delete a lesson


  0 passing (24s)
  3 failing

  1) Teacher - Lesson Management
       should create a new lesson for a student:
     AssertionError: Timed out retrying after 4000ms: Expected to find element: `[data-testid="title-input"]`, but never found it.
      at Context.eval (webpack://guitar-crm/./cypress/e2e/core/teacher-lessons.cy.ts:16:0)

  2) Teacher - Lesson Management
       should edit an existing lesson:
     AssertionError: Timed out retrying after 4000ms: Expected to find content: 'Lesson 1765195752403' but never did.
      at Context.eval (webpack://guitar-crm/./cypress/e2e/core/teacher-lessons.cy.ts:30:0)

  3) Teacher - Lesson Management
       should delete a lesson:
     AssertionError: Timed out retrying after 4000ms: Expected to find content: 'Lesson 1765195752403 Updated' but never did.
      at Context.eval (webpack://guitar-crm/./cypress/e2e/core/teacher-lessons.cy.ts:39:0)




  (Results)

  â”Œâ”€â”€â”€â”€â”€â”€â”€â”€â”€â”€â”€â”€â”€â”€â”€â”€â”€â”€â”€â”€â”€â”€â”€â”€â”€â”€â”€â”€â”€â”€â”€â”€â”€â”€â”€â”€â”€â”€â”€â”€â”€â”€â”€â”€â”€â”€â”€â”€â”€â”€â”€â”€â”€â”€â”€â”€â”€â”€â”€â”€â”€â”€â”€â”€â”€â”€â”€â”€â”€â”€â”€â”€â”€â”€â”€â”€â”€â”€â”€â”€â”€â”€â”€â”€â”€â”€â”€â”€â”€â”€â”€â”€â”€â”€â”€â”€â”
  â”‚ Tests:        3                                                                                â”‚
  â”‚ Passing:      0                                                                                â”‚
  â”‚ Failing:      3                                                                                â”‚
  â”‚ Pending:      0                                                                                â”‚
  â”‚ Skipped:      0                                                                                â”‚
  â”‚ Screenshots:  3                                                                                â”‚
  â”‚ Video:        false                                                                            â”‚
  â”‚ Duration:     23 seconds                                                                       â”‚
  â”‚ Spec Ran:     teacher-lessons.cy.ts                                                            â”‚
  â””â”€â”€â”€â”€â”€â”€â”€â”€â”€â”€â”€â”€â”€â”€â”€â”€â”€â”€â”€â”€â”€â”€â”€â”€â”€â”€â”€â”€â”€â”€â”€â”€â”€â”€â”€â”€â”€â”€â”€â”€â”€â”€â”€â”€â”€â”€â”€â”€â”€â”€â”€â”€â”€â”€â”€â”€â”€â”€â”€â”€â”€â”€â”€â”€â”€â”€â”€â”€â”€â”€â”€â”€â”€â”€â”€â”€â”€â”€â”€â”€â”€â”€â”€â”€â”€â”€â”€â”€â”€â”€â”€â”€â”€â”€â”€â”€â”˜


  (Screenshots)

  -  /home/piotr/Desktop/guitar-crm/cypress/screenshots/teacher-lessons.cy.ts/Teacher     (1280x720)
      - Lesson Management -- should create a new lesson for a student (failed).png                  
  -  /home/piotr/Desktop/guitar-crm/cypress/screenshots/teacher-lessons.cy.ts/Teacher     (1280x720)
      - Lesson Management -- should edit an existing lesson (failed).png                            
  -  /home/piotr/Desktop/guitar-crm/cypress/screenshots/teacher-lessons.cy.ts/Teacher     (1280x720)
      - Lesson Management -- should delete a lesson (failed).png                                    


================================================================================

  (Run Finished)


       Spec                                              Tests  Passing  Failing  Pending  Skipped  
  â”Œâ”€â”€â”€â”€â”€â”€â”€â”€â”€â”€â”€â”€â”€â”€â”€â”€â”€â”€â”€â”€â”€â”€â”€â”€â”€â”€â”€â”€â”€â”€â”€â”€â”€â”€â”€â”€â”€â”€â”€â”€â”€â”€â”€â”€â”€â”€â”€â”€â”€â”€â”€â”€â”€â”€â”€â”€â”€â”€â”€â”€â”€â”€â”€â”€â”€â”€â”€â”€â”€â”€â”€â”€â”€â”€â”€â”€â”€â”€â”€â”€â”€â”€â”€â”€â”€â”€â”€â”€â”€â”€â”€â”€â”€â”€â”€â”€â”
  â”‚ âœ–  admin-assignments-workflow.cy.ts         00:29        7        -        7        -        - â”‚
  â”œâ”€â”€â”€â”€â”€â”€â”€â”€â”€â”€â”€â”€â”€â”€â”€â”€â”€â”€â”€â”€â”€â”€â”€â”€â”€â”€â”€â”€â”€â”€â”€â”€â”€â”€â”€â”€â”€â”€â”€â”€â”€â”€â”€â”€â”€â”€â”€â”€â”€â”€â”€â”€â”€â”€â”€â”€â”€â”€â”€â”€â”€â”€â”€â”€â”€â”€â”€â”€â”€â”€â”€â”€â”€â”€â”€â”€â”€â”€â”€â”€â”€â”€â”€â”€â”€â”€â”€â”€â”€â”€â”€â”€â”€â”€â”€â”€â”¤
  â”‚ âœ”  admin-lessons-workflow.cy.ts             00:27        6        6        -        -        - â”‚
  â”œâ”€â”€â”€â”€â”€â”€â”€â”€â”€â”€â”€â”€â”€â”€â”€â”€â”€â”€â”€â”€â”€â”€â”€â”€â”€â”€â”€â”€â”€â”€â”€â”€â”€â”€â”€â”€â”€â”€â”€â”€â”€â”€â”€â”€â”€â”€â”€â”€â”€â”€â”€â”€â”€â”€â”€â”€â”€â”€â”€â”€â”€â”€â”€â”€â”€â”€â”€â”€â”€â”€â”€â”€â”€â”€â”€â”€â”€â”€â”€â”€â”€â”€â”€â”€â”€â”€â”€â”€â”€â”€â”€â”€â”€â”€â”€â”€â”¤
  â”‚ âœ–  admin-songs-workflow.cy.ts               00:36        7        6        1        -        - â”‚
  â”œâ”€â”€â”€â”€â”€â”€â”€â”€â”€â”€â”€â”€â”€â”€â”€â”€â”€â”€â”€â”€â”€â”€â”€â”€â”€â”€â”€â”€â”€â”€â”€â”€â”€â”€â”€â”€â”€â”€â”€â”€â”€â”€â”€â”€â”€â”€â”€â”€â”€â”€â”€â”€â”€â”€â”€â”€â”€â”€â”€â”€â”€â”€â”€â”€â”€â”€â”€â”€â”€â”€â”€â”€â”€â”€â”€â”€â”€â”€â”€â”€â”€â”€â”€â”€â”€â”€â”€â”€â”€â”€â”€â”€â”€â”€â”€â”€â”¤
  â”‚ âœ–  admin-users-workflow.cy.ts               00:19        3        1        2        -        - â”‚
  â”œâ”€â”€â”€â”€â”€â”€â”€â”€â”€â”€â”€â”€â”€â”€â”€â”€â”€â”€â”€â”€â”€â”€â”€â”€â”€â”€â”€â”€â”€â”€â”€â”€â”€â”€â”€â”€â”€â”€â”€â”€â”€â”€â”€â”€â”€â”€â”€â”€â”€â”€â”€â”€â”€â”€â”€â”€â”€â”€â”€â”€â”€â”€â”€â”€â”€â”€â”€â”€â”€â”€â”€â”€â”€â”€â”€â”€â”€â”€â”€â”€â”€â”€â”€â”€â”€â”€â”€â”€â”€â”€â”€â”€â”€â”€â”€â”€â”¤
  â”‚ âœ–  assignment-details.cy.ts                 00:08        1        -        1        -        - â”‚
  â”œâ”€â”€â”€â”€â”€â”€â”€â”€â”€â”€â”€â”€â”€â”€â”€â”€â”€â”€â”€â”€â”€â”€â”€â”€â”€â”€â”€â”€â”€â”€â”€â”€â”€â”€â”€â”€â”€â”€â”€â”€â”€â”€â”€â”€â”€â”€â”€â”€â”€â”€â”€â”€â”€â”€â”€â”€â”€â”€â”€â”€â”€â”€â”€â”€â”€â”€â”€â”€â”€â”€â”€â”€â”€â”€â”€â”€â”€â”€â”€â”€â”€â”€â”€â”€â”€â”€â”€â”€â”€â”€â”€â”€â”€â”€â”€â”€â”¤
  â”‚ âœ”  auth_dashboard_redirect.cy.ts            826ms        1        1        -        -        - â”‚
  â”œâ”€â”€â”€â”€â”€â”€â”€â”€â”€â”€â”€â”€â”€â”€â”€â”€â”€â”€â”€â”€â”€â”€â”€â”€â”€â”€â”€â”€â”€â”€â”€â”€â”€â”€â”€â”€â”€â”€â”€â”€â”€â”€â”€â”€â”€â”€â”€â”€â”€â”€â”€â”€â”€â”€â”€â”€â”€â”€â”€â”€â”€â”€â”€â”€â”€â”€â”€â”€â”€â”€â”€â”€â”€â”€â”€â”€â”€â”€â”€â”€â”€â”€â”€â”€â”€â”€â”€â”€â”€â”€â”€â”€â”€â”€â”€â”€â”¤
  â”‚ âœ”  shadow-user.cy.ts                        00:14        2        2        -        -        - â”‚
  â”œâ”€â”€â”€â”€â”€â”€â”€â”€â”€â”€â”€â”€â”€â”€â”€â”€â”€â”€â”€â”€â”€â”€â”€â”€â”€â”€â”€â”€â”€â”€â”€â”€â”€â”€â”€â”€â”€â”€â”€â”€â”€â”€â”€â”€â”€â”€â”€â”€â”€â”€â”€â”€â”€â”€â”€â”€â”€â”€â”€â”€â”€â”€â”€â”€â”€â”€â”€â”€â”€â”€â”€â”€â”€â”€â”€â”€â”€â”€â”€â”€â”€â”€â”€â”€â”€â”€â”€â”€â”€â”€â”€â”€â”€â”€â”€â”€â”¤
  â”‚ âœ–  student-dashboard.cy.ts                  00:12        2        1        1        -        - â”‚
  â”œâ”€â”€â”€â”€â”€â”€â”€â”€â”€â”€â”€â”€â”€â”€â”€â”€â”€â”€â”€â”€â”€â”€â”€â”€â”€â”€â”€â”€â”€â”€â”€â”€â”€â”€â”€â”€â”€â”€â”€â”€â”€â”€â”€â”€â”€â”€â”€â”€â”€â”€â”€â”€â”€â”€â”€â”€â”€â”€â”€â”€â”€â”€â”€â”€â”€â”€â”€â”€â”€â”€â”€â”€â”€â”€â”€â”€â”€â”€â”€â”€â”€â”€â”€â”€â”€â”€â”€â”€â”€â”€â”€â”€â”€â”€â”€â”€â”¤
  â”‚ âœ–  teacher-assignments.cy.ts                00:16        2        -        2        -        - â”‚
  â”œâ”€â”€â”€â”€â”€â”€â”€â”€â”€â”€â”€â”€â”€â”€â”€â”€â”€â”€â”€â”€â”€â”€â”€â”€â”€â”€â”€â”€â”€â”€â”€â”€â”€â”€â”€â”€â”€â”€â”€â”€â”€â”€â”€â”€â”€â”€â”€â”€â”€â”€â”€â”€â”€â”€â”€â”€â”€â”€â”€â”€â”€â”€â”€â”€â”€â”€â”€â”€â”€â”€â”€â”€â”€â”€â”€â”€â”€â”€â”€â”€â”€â”€â”€â”€â”€â”€â”€â”€â”€â”€â”€â”€â”€â”€â”€â”€â”¤
  â”‚ âœ–  teacher-lessons.cy.ts                    00:23        3        -        3        -        - â”‚
  â””â”€â”€â”€â”€â”€â”€â”€â”€â”€â”€â”€â”€â”€â”€â”€â”€â”€â”€â”€â”€â”€â”€â”€â”€â”€â”€â”€â”€â”€â”€â”€â”€â”€â”€â”€â”€â”€â”€â”€â”€â”€â”€â”€â”€â”€â”€â”€â”€â”€â”€â”€â”€â”€â”€â”€â”€â”€â”€â”€â”€â”€â”€â”€â”€â”€â”€â”€â”€â”€â”€â”€â”€â”€â”€â”€â”€â”€â”€â”€â”€â”€â”€â”€â”€â”€â”€â”€â”€â”€â”€â”€â”€â”€â”€â”€â”€â”˜
    âœ–  7 of 10 failed (70%)                     03:09       34       17       17        -        -  

