Gtk-Message: 13:24:58.060: Failed to load module "xapp-gtk3-module"
Gtk-Message: 13:24:58.060: Failed to load module "appmenu-gtk-module"

DevTools listening on ws://127.0.0.1:45851/devtools/browser/f7d0eb0e-a4f0-4fc0-8318-34f87416a0c8
Missing baseUrl in compilerOptions. tsconfig-paths will be skipped
[32mâœ”[0m [33mConsole Ninja[0m extension is connected to [33mCypress[0m, see [36mhttps://tinyurl.com/2vt8jxzw[0m

================================================================================

  (Run Starting)

  â”Œâ”€â”€â”€â”€â”€â”€â”€â”€â”€â”€â”€â”€â”€â”€â”€â”€â”€â”€â”€â”€â”€â”€â”€â”€â”€â”€â”€â”€â”€â”€â”€â”€â”€â”€â”€â”€â”€â”€â”€â”€â”€â”€â”€â”€â”€â”€â”€â”€â”€â”€â”€â”€â”€â”€â”€â”€â”€â”€â”€â”€â”€â”€â”€â”€â”€â”€â”€â”€â”€â”€â”€â”€â”€â”€â”€â”€â”€â”€â”€â”€â”€â”€â”€â”€â”€â”€â”€â”€â”€â”€â”€â”€â”€â”€â”€â”€â”
  â”‚ Cypress:        13.17.0                                                                        â”‚
  â”‚ Browser:        Electron 118 (headless)                                                        â”‚
  â”‚ Node Version:   v24.11.1 (/usr/bin/node)                                                       â”‚
  â”‚ Specs:          3 found (teacher-assignments.cy.ts, teacher-lessons.cy.ts, assignment-details. â”‚
  â”‚                 cy.ts)                                                                         â”‚
  â”‚ Searched:       cypress/e2e/core/teacher-assignments.cy.ts, cypress/e2e/core/teacher-lessons.c â”‚
  â”‚                 y.ts, cypress/e2e/core/assignment-details.cy.ts                                â”‚
  â””â”€â”€â”€â”€â”€â”€â”€â”€â”€â”€â”€â”€â”€â”€â”€â”€â”€â”€â”€â”€â”€â”€â”€â”€â”€â”€â”€â”€â”€â”€â”€â”€â”€â”€â”€â”€â”€â”€â”€â”€â”€â”€â”€â”€â”€â”€â”€â”€â”€â”€â”€â”€â”€â”€â”€â”€â”€â”€â”€â”€â”€â”€â”€â”€â”€â”€â”€â”€â”€â”€â”€â”€â”€â”€â”€â”€â”€â”€â”€â”€â”€â”€â”€â”€â”€â”€â”€â”€â”€â”€â”€â”€â”€â”€â”€â”€â”˜


â”€â”€â”€â”€â”€â”€â”€â”€â”€â”€â”€â”€â”€â”€â”€â”€â”€â”€â”€â”€â”€â”€â”€â”€â”€â”€â”€â”€â”€â”€â”€â”€â”€â”€â”€â”€â”€â”€â”€â”€â”€â”€â”€â”€â”€â”€â”€â”€â”€â”€â”€â”€â”€â”€â”€â”€â”€â”€â”€â”€â”€â”€â”€â”€â”€â”€â”€â”€â”€â”€â”€â”€â”€â”€â”€â”€â”€â”€â”€â”€â”€â”€â”€â”€â”€â”€â”€â”€â”€â”€â”€â”€â”€â”€â”€â”€â”€â”€â”€â”€
                                                                                                    
  Running:  teacher-assignments.cy.ts                                                       (1 of 3)


  Teacher - Assignment Management
    1) "before all" hook for "should create an assignment for a student"


  0 passing (369ms)
  1 failing

  1) Teacher - Assignment Management
       "before all" hook for "should create an assignment for a student":
     CypressError: `cy.visit()` failed trying to load:

http://localhost:3000/sign-in

We attempted to make an http request to this URL but the request failed without a response.

We received this error at the network level:

  > Error: read ECONNRESET

Common situations why this would fail:
  - you don't have internet access
  - you forgot to run / boot your web server
  - your web server isn't accessible
  - you have weird network configuration settings on your computer

Because this error occurred during a `before all` hook we are skipping the remaining tests in the current suite: `Teacher - Assignment Manage...`
      at <unknown> (http://localhost:3000/__cypress/runner/cypress_runner.js:131607:74)
      at visitFailedByErr (http://localhost:3000/__cypress/runner/cypress_runner.js:131006:12)
      at <unknown> (http://localhost:3000/__cypress/runner/cypress_runner.js:131606:11)
      at tryCatcher (http://localhost:3000/__cypress/runner/cypress_runner.js:1830:23)
      at Promise._settlePromiseFromHandler (http://localhost:3000/__cypress/runner/cypress_runner.js:1542:31)
      at Promise._settlePromise (http://localhost:3000/__cypress/runner/cypress_runner.js:1599:18)
      at Promise._settlePromise0 (http://localhost:3000/__cypress/runner/cypress_runner.js:1644:10)
      at Promise._settlePromises (http://localhost:3000/__cypress/runner/cypress_runner.js:1720:18)
      at _drainQueueStep (http://localhost:3000/__cypress/runner/cypress_runner.js:2430:12)
      at _drainQueue (http://localhost:3000/__cypress/runner/cypress_runner.js:2423:9)
      at Async._drainQueues (http://localhost:3000/__cypress/runner/cypress_runner.js:2439:5)
      at Async.drainQueues (http://localhost:3000/__cypress/runner/cypress_runner.js:2309:14)
  From Your Spec Code:
      at Context.eval (webpack://guitar-crm/./cypress/e2e/core/teacher-assignments.cy.ts:9:0)
  
  From Node.js Internals:
    Error: read ECONNRESET
        at TCP.onStreamRead (node:internal/stream_base_commons:217:20)




  (Results)

  â”Œâ”€â”€â”€â”€â”€â”€â”€â”€â”€â”€â”€â”€â”€â”€â”€â”€â”€â”€â”€â”€â”€â”€â”€â”€â”€â”€â”€â”€â”€â”€â”€â”€â”€â”€â”€â”€â”€â”€â”€â”€â”€â”€â”€â”€â”€â”€â”€â”€â”€â”€â”€â”€â”€â”€â”€â”€â”€â”€â”€â”€â”€â”€â”€â”€â”€â”€â”€â”€â”€â”€â”€â”€â”€â”€â”€â”€â”€â”€â”€â”€â”€â”€â”€â”€â”€â”€â”€â”€â”€â”€â”€â”€â”€â”€â”€â”€â”
  â”‚ Tests:        2                                                                                â”‚
  â”‚ Passing:      0                                                                                â”‚
  â”‚ Failing:      1                                                                                â”‚
  â”‚ Pending:      0                                                                                â”‚
  â”‚ Skipped:      1                                                                                â”‚
  â”‚ Screenshots:  1                                                                                â”‚
  â”‚ Video:        false                                                                            â”‚
  â”‚ Duration:     0 seconds                                                                        â”‚
  â”‚ Spec Ran:     teacher-assignments.cy.ts                                                        â”‚
  â””â”€â”€â”€â”€â”€â”€â”€â”€â”€â”€â”€â”€â”€â”€â”€â”€â”€â”€â”€â”€â”€â”€â”€â”€â”€â”€â”€â”€â”€â”€â”€â”€â”€â”€â”€â”€â”€â”€â”€â”€â”€â”€â”€â”€â”€â”€â”€â”€â”€â”€â”€â”€â”€â”€â”€â”€â”€â”€â”€â”€â”€â”€â”€â”€â”€â”€â”€â”€â”€â”€â”€â”€â”€â”€â”€â”€â”€â”€â”€â”€â”€â”€â”€â”€â”€â”€â”€â”€â”€â”€â”€â”€â”€â”€â”€â”€â”˜


  (Screenshots)

  -  /home/piotr/Desktop/guitar-crm/cypress/screenshots/teacher-assignments.cy.ts/Tea     (1280x720)
     cher - Assignment Management -- should create an assignment for a student -- bef               
     ore all hook (failed).png                                                                      


â”€â”€â”€â”€â”€â”€â”€â”€â”€â”€â”€â”€â”€â”€â”€â”€â”€â”€â”€â”€â”€â”€â”€â”€â”€â”€â”€â”€â”€â”€â”€â”€â”€â”€â”€â”€â”€â”€â”€â”€â”€â”€â”€â”€â”€â”€â”€â”€â”€â”€â”€â”€â”€â”€â”€â”€â”€â”€â”€â”€â”€â”€â”€â”€â”€â”€â”€â”€â”€â”€â”€â”€â”€â”€â”€â”€â”€â”€â”€â”€â”€â”€â”€â”€â”€â”€â”€â”€â”€â”€â”€â”€â”€â”€â”€â”€â”€â”€â”€â”€
                                                                                                    
  Running:  teacher-lessons.cy.ts                                                           (2 of 3)


  Teacher - Lesson Management
    1) "before all" hook for "should create a new lesson for a student"


  0 passing (224ms)
  1 failing

  1) Teacher - Lesson Management
       "before all" hook for "should create a new lesson for a student":
     CypressError: `cy.visit()` failed trying to load:

http://localhost:3000/sign-in

We attempted to make an http request to this URL but the request failed without a response.

We received this error at the network level:

  > Error: read ECONNRESET

Common situations why this would fail:
  - you don't have internet access
  - you forgot to run / boot your web server
  - your web server isn't accessible
  - you have weird network configuration settings on your computer

Because this error occurred during a `before all` hook we are skipping the remaining tests in the current suite: `Teacher - Lesson Management`
      at <unknown> (http://localhost:3000/__cypress/runner/cypress_runner.js:131607:74)
      at visitFailedByErr (http://localhost:3000/__cypress/runner/cypress_runner.js:131006:12)
      at <unknown> (http://localhost:3000/__cypress/runner/cypress_runner.js:131606:11)
      at tryCatcher (http://localhost:3000/__cypress/runner/cypress_runner.js:1830:23)
      at Promise._settlePromiseFromHandler (http://localhost:3000/__cypress/runner/cypress_runner.js:1542:31)
      at Promise._settlePromise (http://localhost:3000/__cypress/runner/cypress_runner.js:1599:18)
      at Promise._settlePromise0 (http://localhost:3000/__cypress/runner/cypress_runner.js:1644:10)
      at Promise._settlePromises (http://localhost:3000/__cypress/runner/cypress_runner.js:1720:18)
      at _drainQueueStep (http://localhost:3000/__cypress/runner/cypress_runner.js:2430:12)
      at _drainQueue (http://localhost:3000/__cypress/runner/cypress_runner.js:2423:9)
      at Async._drainQueues (http://localhost:3000/__cypress/runner/cypress_runner.js:2439:5)
      at Async.drainQueues (http://localhost:3000/__cypress/runner/cypress_runner.js:2309:14)
  From Your Spec Code:
      at Context.eval (webpack://guitar-crm/./cypress/e2e/core/teacher-lessons.cy.ts:9:0)
  
  From Node.js Internals:
    Error: read ECONNRESET
        at TCP.onStreamRead (node:internal/stream_base_commons:217:20)




  (Results)

  â”Œâ”€â”€â”€â”€â”€â”€â”€â”€â”€â”€â”€â”€â”€â”€â”€â”€â”€â”€â”€â”€â”€â”€â”€â”€â”€â”€â”€â”€â”€â”€â”€â”€â”€â”€â”€â”€â”€â”€â”€â”€â”€â”€â”€â”€â”€â”€â”€â”€â”€â”€â”€â”€â”€â”€â”€â”€â”€â”€â”€â”€â”€â”€â”€â”€â”€â”€â”€â”€â”€â”€â”€â”€â”€â”€â”€â”€â”€â”€â”€â”€â”€â”€â”€â”€â”€â”€â”€â”€â”€â”€â”€â”€â”€â”€â”€â”€â”
  â”‚ Tests:        3                                                                                â”‚
  â”‚ Passing:      0                                                                                â”‚
  â”‚ Failing:      1                                                                                â”‚
  â”‚ Pending:      0                                                                                â”‚
  â”‚ Skipped:      2                                                                                â”‚
  â”‚ Screenshots:  1                                                                                â”‚
  â”‚ Video:        false                                                                            â”‚
  â”‚ Duration:     0 seconds                                                                        â”‚
  â”‚ Spec Ran:     teacher-lessons.cy.ts                                                            â”‚
  â””â”€â”€â”€â”€â”€â”€â”€â”€â”€â”€â”€â”€â”€â”€â”€â”€â”€â”€â”€â”€â”€â”€â”€â”€â”€â”€â”€â”€â”€â”€â”€â”€â”€â”€â”€â”€â”€â”€â”€â”€â”€â”€â”€â”€â”€â”€â”€â”€â”€â”€â”€â”€â”€â”€â”€â”€â”€â”€â”€â”€â”€â”€â”€â”€â”€â”€â”€â”€â”€â”€â”€â”€â”€â”€â”€â”€â”€â”€â”€â”€â”€â”€â”€â”€â”€â”€â”€â”€â”€â”€â”€â”€â”€â”€â”€â”€â”˜


  (Screenshots)

  -  /home/piotr/Desktop/guitar-crm/cypress/screenshots/teacher-lessons.cy.ts/Teacher     (1280x720)
      - Lesson Management -- should create a new lesson for a student -- before all h               
     ook (failed).png                                                                               


â”€â”€â”€â”€â”€â”€â”€â”€â”€â”€â”€â”€â”€â”€â”€â”€â”€â”€â”€â”€â”€â”€â”€â”€â”€â”€â”€â”€â”€â”€â”€â”€â”€â”€â”€â”€â”€â”€â”€â”€â”€â”€â”€â”€â”€â”€â”€â”€â”€â”€â”€â”€â”€â”€â”€â”€â”€â”€â”€â”€â”€â”€â”€â”€â”€â”€â”€â”€â”€â”€â”€â”€â”€â”€â”€â”€â”€â”€â”€â”€â”€â”€â”€â”€â”€â”€â”€â”€â”€â”€â”€â”€â”€â”€â”€â”€â”€â”€â”€â”€
                                                                                                    
  Running:  assignment-details.cy.ts                                                        (3 of 3)


  Assignment Detail View
    1) "before all" hook for "should display assignment details correctly"


  0 passing (206ms)
  1 failing

  1) Assignment Detail View
       "before all" hook for "should display assignment details correctly":
     CypressError: `cy.visit()` failed trying to load:

http://localhost:3000/sign-in

We attempted to make an http request to this URL but the request failed without a response.

We received this error at the network level:

  > Error: read ECONNRESET

Common situations why this would fail:
  - you don't have internet access
  - you forgot to run / boot your web server
  - your web server isn't accessible
  - you have weird network configuration settings on your computer

Because this error occurred during a `before all` hook we are skipping the remaining tests in the current suite: `Assignment Detail View`
      at <unknown> (http://localhost:3000/__cypress/runner/cypress_runner.js:131607:74)
      at visitFailedByErr (http://localhost:3000/__cypress/runner/cypress_runner.js:131006:12)
      at <unknown> (http://localhost:3000/__cypress/runner/cypress_runner.js:131606:11)
      at tryCatcher (http://localhost:3000/__cypress/runner/cypress_runner.js:1830:23)
      at Promise._settlePromiseFromHandler (http://localhost:3000/__cypress/runner/cypress_runner.js:1542:31)
      at Promise._settlePromise (http://localhost:3000/__cypress/runner/cypress_runner.js:1599:18)
      at Promise._settlePromise0 (http://localhost:3000/__cypress/runner/cypress_runner.js:1644:10)
      at Promise._settlePromises (http://localhost:3000/__cypress/runner/cypress_runner.js:1720:18)
      at _drainQueueStep (http://localhost:3000/__cypress/runner/cypress_runner.js:2430:12)
      at _drainQueue (http://localhost:3000/__cypress/runner/cypress_runner.js:2423:9)
      at Async._drainQueues (http://localhost:3000/__cypress/runner/cypress_runner.js:2439:5)
      at Async.drainQueues (http://localhost:3000/__cypress/runner/cypress_runner.js:2309:14)
  From Your Spec Code:
      at Context.eval (webpack://guitar-crm/./cypress/e2e/core/assignment-details.cy.ts:9:0)
  
  From Node.js Internals:
    Error: read ECONNRESET
        at TCP.onStreamRead (node:internal/stream_base_commons:217:20)




  (Results)

  â”Œâ”€â”€â”€â”€â”€â”€â”€â”€â”€â”€â”€â”€â”€â”€â”€â”€â”€â”€â”€â”€â”€â”€â”€â”€â”€â”€â”€â”€â”€â”€â”€â”€â”€â”€â”€â”€â”€â”€â”€â”€â”€â”€â”€â”€â”€â”€â”€â”€â”€â”€â”€â”€â”€â”€â”€â”€â”€â”€â”€â”€â”€â”€â”€â”€â”€â”€â”€â”€â”€â”€â”€â”€â”€â”€â”€â”€â”€â”€â”€â”€â”€â”€â”€â”€â”€â”€â”€â”€â”€â”€â”€â”€â”€â”€â”€â”€â”
  â”‚ Tests:        1                                                                                â”‚
  â”‚ Passing:      0                                                                                â”‚
  â”‚ Failing:      1                                                                                â”‚
  â”‚ Pending:      0                                                                                â”‚
  â”‚ Skipped:      0                                                                                â”‚
  â”‚ Screenshots:  1                                                                                â”‚
  â”‚ Video:        false                                                                            â”‚
  â”‚ Duration:     0 seconds                                                                        â”‚
  â”‚ Spec Ran:     assignment-details.cy.ts                                                         â”‚
  â””â”€â”€â”€â”€â”€â”€â”€â”€â”€â”€â”€â”€â”€â”€â”€â”€â”€â”€â”€â”€â”€â”€â”€â”€â”€â”€â”€â”€â”€â”€â”€â”€â”€â”€â”€â”€â”€â”€â”€â”€â”€â”€â”€â”€â”€â”€â”€â”€â”€â”€â”€â”€â”€â”€â”€â”€â”€â”€â”€â”€â”€â”€â”€â”€â”€â”€â”€â”€â”€â”€â”€â”€â”€â”€â”€â”€â”€â”€â”€â”€â”€â”€â”€â”€â”€â”€â”€â”€â”€â”€â”€â”€â”€â”€â”€â”€â”˜


  (Screenshots)

  -  /home/piotr/Desktop/guitar-crm/cypress/screenshots/assignment-details.cy.ts/Assi     (1280x720)
     gnment Detail View -- should display assignment details correctly -- before all                
     hook (failed).png                                                                              


================================================================================

  (Run Finished)


       Spec                                              Tests  Passing  Failing  Pending  Skipped  
  â”Œâ”€â”€â”€â”€â”€â”€â”€â”€â”€â”€â”€â”€â”€â”€â”€â”€â”€â”€â”€â”€â”€â”€â”€â”€â”€â”€â”€â”€â”€â”€â”€â”€â”€â”€â”€â”€â”€â”€â”€â”€â”€â”€â”€â”€â”€â”€â”€â”€â”€â”€â”€â”€â”€â”€â”€â”€â”€â”€â”€â”€â”€â”€â”€â”€â”€â”€â”€â”€â”€â”€â”€â”€â”€â”€â”€â”€â”€â”€â”€â”€â”€â”€â”€â”€â”€â”€â”€â”€â”€â”€â”€â”€â”€â”€â”€â”€â”
  â”‚ âœ–  teacher-assignments.cy.ts                372ms        2        -        1        -        1 â”‚
  â”œâ”€â”€â”€â”€â”€â”€â”€â”€â”€â”€â”€â”€â”€â”€â”€â”€â”€â”€â”€â”€â”€â”€â”€â”€â”€â”€â”€â”€â”€â”€â”€â”€â”€â”€â”€â”€â”€â”€â”€â”€â”€â”€â”€â”€â”€â”€â”€â”€â”€â”€â”€â”€â”€â”€â”€â”€â”€â”€â”€â”€â”€â”€â”€â”€â”€â”€â”€â”€â”€â”€â”€â”€â”€â”€â”€â”€â”€â”€â”€â”€â”€â”€â”€â”€â”€â”€â”€â”€â”€â”€â”€â”€â”€â”€â”€â”€â”¤
  â”‚ âœ–  teacher-lessons.cy.ts                    223ms        3        -        1        -        2 â”‚
  â”œâ”€â”€â”€â”€â”€â”€â”€â”€â”€â”€â”€â”€â”€â”€â”€â”€â”€â”€â”€â”€â”€â”€â”€â”€â”€â”€â”€â”€â”€â”€â”€â”€â”€â”€â”€â”€â”€â”€â”€â”€â”€â”€â”€â”€â”€â”€â”€â”€â”€â”€â”€â”€â”€â”€â”€â”€â”€â”€â”€â”€â”€â”€â”€â”€â”€â”€â”€â”€â”€â”€â”€â”€â”€â”€â”€â”€â”€â”€â”€â”€â”€â”€â”€â”€â”€â”€â”€â”€â”€â”€â”€â”€â”€â”€â”€â”€â”¤
  â”‚ âœ–  assignment-details.cy.ts                 208ms        1        -        1        -        - â”‚
  â””â”€â”€â”€â”€â”€â”€â”€â”€â”€â”€â”€â”€â”€â”€â”€â”€â”€â”€â”€â”€â”€â”€â”€â”€â”€â”€â”€â”€â”€â”€â”€â”€â”€â”€â”€â”€â”€â”€â”€â”€â”€â”€â”€â”€â”€â”€â”€â”€â”€â”€â”€â”€â”€â”€â”€â”€â”€â”€â”€â”€â”€â”€â”€â”€â”€â”€â”€â”€â”€â”€â”€â”€â”€â”€â”€â”€â”€â”€â”€â”€â”€â”€â”€â”€â”€â”€â”€â”€â”€â”€â”€â”€â”€â”€â”€â”€â”˜
    âœ–  3 of 3 failed (100%)                     803ms        6        -        3        -        3  

