Gtk-Message: 13:20:49.354: Failed to load module "xapp-gtk3-module"
Gtk-Message: 13:20:49.354: Failed to load module "appmenu-gtk-module"

DevTools listening on ws://127.0.0.1:40087/devtools/browser/b83d4dec-e0f2-45ea-876d-131922c4013a
Missing baseUrl in compilerOptions. tsconfig-paths will be skipped
[32mâœ”[0m [33mConsole Ninja[0m extension is connected to [33mCypress[0m, see [36mhttps://tinyurl.com/2vt8jxzw[0m

================================================================================

  (Run Starting)

  â”Œâ”€â”€â”€â”€â”€â”€â”€â”€â”€â”€â”€â”€â”€â”€â”€â”€â”€â”€â”€â”€â”€â”€â”€â”€â”€â”€â”€â”€â”€â”€â”€â”€â”€â”€â”€â”€â”€â”€â”€â”€â”€â”€â”€â”€â”€â”€â”€â”€â”€â”€â”€â”€â”€â”€â”€â”€â”€â”€â”€â”€â”€â”€â”€â”€â”€â”€â”€â”€â”€â”€â”€â”€â”€â”€â”€â”€â”€â”€â”€â”€â”€â”€â”€â”€â”€â”€â”€â”€â”€â”€â”€â”€â”€â”€â”€â”€â”
  â”‚ Cypress:        13.17.0                                                                        â”‚
  â”‚ Browser:        Electron 118 (headless)                                                        â”‚
  â”‚ Node Version:   v24.11.1 (/usr/bin/node)                                                       â”‚
  â”‚ Specs:          3 found (teacher-assignments.cy.ts, teacher-lessons.cy.ts, assignment-details. â”‚
  â”‚                 cy.ts)                                                                         â”‚
  â”‚ Searched:       cypress/e2e/core/teacher-assignments.cy.ts, cypress/e2e/core/teacher-lessons.c â”‚
  â”‚                 y.ts, cypress/e2e/core/assignment-details.cy.ts                                â”‚
  â””â”€â”€â”€â”€â”€â”€â”€â”€â”€â”€â”€â”€â”€â”€â”€â”€â”€â”€â”€â”€â”€â”€â”€â”€â”€â”€â”€â”€â”€â”€â”€â”€â”€â”€â”€â”€â”€â”€â”€â”€â”€â”€â”€â”€â”€â”€â”€â”€â”€â”€â”€â”€â”€â”€â”€â”€â”€â”€â”€â”€â”€â”€â”€â”€â”€â”€â”€â”€â”€â”€â”€â”€â”€â”€â”€â”€â”€â”€â”€â”€â”€â”€â”€â”€â”€â”€â”€â”€â”€â”€â”€â”€â”€â”€â”€â”€â”˜


â”€â”€â”€â”€â”€â”€â”€â”€â”€â”€â”€â”€â”€â”€â”€â”€â”€â”€â”€â”€â”€â”€â”€â”€â”€â”€â”€â”€â”€â”€â”€â”€â”€â”€â”€â”€â”€â”€â”€â”€â”€â”€â”€â”€â”€â”€â”€â”€â”€â”€â”€â”€â”€â”€â”€â”€â”€â”€â”€â”€â”€â”€â”€â”€â”€â”€â”€â”€â”€â”€â”€â”€â”€â”€â”€â”€â”€â”€â”€â”€â”€â”€â”€â”€â”€â”€â”€â”€â”€â”€â”€â”€â”€â”€â”€â”€â”€â”€â”€â”€
                                                                                                    
  Running:  teacher-assignments.cy.ts                                                       (1 of 3)


  Teacher - Assignment Management
    1) "before each" hook for "should create an assignment for a student"


  0 passing (11s)
  1 failing

  1) Teacher - Assignment Management
       "before each" hook for "should create an assignment for a student":
     AssertionError: Timed out retrying after 4000ms: expected '/sign-in' to include '/dashboard'

Because this error occurred during a `before each` hook we are skipping the remaining tests in the current suite: `Teacher - Assignment Manage...`
      at Context.eval (webpack://guitar-crm/./cypress/e2e/core/teacher-assignments.cy.ts:12:0)




  (Results)

  â”Œâ”€â”€â”€â”€â”€â”€â”€â”€â”€â”€â”€â”€â”€â”€â”€â”€â”€â”€â”€â”€â”€â”€â”€â”€â”€â”€â”€â”€â”€â”€â”€â”€â”€â”€â”€â”€â”€â”€â”€â”€â”€â”€â”€â”€â”€â”€â”€â”€â”€â”€â”€â”€â”€â”€â”€â”€â”€â”€â”€â”€â”€â”€â”€â”€â”€â”€â”€â”€â”€â”€â”€â”€â”€â”€â”€â”€â”€â”€â”€â”€â”€â”€â”€â”€â”€â”€â”€â”€â”€â”€â”€â”€â”€â”€â”€â”€â”
  â”‚ Tests:        2                                                                                â”‚
  â”‚ Passing:      0                                                                                â”‚
  â”‚ Failing:      1                                                                                â”‚
  â”‚ Pending:      0                                                                                â”‚
  â”‚ Skipped:      1                                                                                â”‚
  â”‚ Screenshots:  1                                                                                â”‚
  â”‚ Video:        false                                                                            â”‚
  â”‚ Duration:     10 seconds                                                                       â”‚
  â”‚ Spec Ran:     teacher-assignments.cy.ts                                                        â”‚
  â””â”€â”€â”€â”€â”€â”€â”€â”€â”€â”€â”€â”€â”€â”€â”€â”€â”€â”€â”€â”€â”€â”€â”€â”€â”€â”€â”€â”€â”€â”€â”€â”€â”€â”€â”€â”€â”€â”€â”€â”€â”€â”€â”€â”€â”€â”€â”€â”€â”€â”€â”€â”€â”€â”€â”€â”€â”€â”€â”€â”€â”€â”€â”€â”€â”€â”€â”€â”€â”€â”€â”€â”€â”€â”€â”€â”€â”€â”€â”€â”€â”€â”€â”€â”€â”€â”€â”€â”€â”€â”€â”€â”€â”€â”€â”€â”€â”˜


  (Screenshots)

  -  /home/piotr/Desktop/guitar-crm/cypress/screenshots/teacher-assignments.cy.ts/Tea     (1280x720)
     cher - Assignment Management -- should create an assignment for a student -- bef               
     ore each hook (failed).png                                                                     


â”€â”€â”€â”€â”€â”€â”€â”€â”€â”€â”€â”€â”€â”€â”€â”€â”€â”€â”€â”€â”€â”€â”€â”€â”€â”€â”€â”€â”€â”€â”€â”€â”€â”€â”€â”€â”€â”€â”€â”€â”€â”€â”€â”€â”€â”€â”€â”€â”€â”€â”€â”€â”€â”€â”€â”€â”€â”€â”€â”€â”€â”€â”€â”€â”€â”€â”€â”€â”€â”€â”€â”€â”€â”€â”€â”€â”€â”€â”€â”€â”€â”€â”€â”€â”€â”€â”€â”€â”€â”€â”€â”€â”€â”€â”€â”€â”€â”€â”€â”€
                                                                                                    
  Running:  teacher-lessons.cy.ts                                                           (2 of 3)


  Teacher - Lesson Management
    1) should create a new lesson for a student
    2) should edit an existing lesson
    3) should delete a lesson


  0 passing (28s)
  3 failing

  1) Teacher - Lesson Management
       should create a new lesson for a student:
     AssertionError: Timed out retrying after 4000ms: Expected to find element: `1`, but never found it. Queried from:

              > cy.get([data-testid="lesson-student_id"]).find(option)
      at Context.eval (webpack://guitar-crm/./cypress/e2e/core/teacher-lessons.cy.ts:18:0)

  2) Teacher - Lesson Management
       should edit an existing lesson:
     AssertionError: Timed out retrying after 4000ms: Expected to find content: 'Lesson 1765196479434' but never did.
      at Context.eval (webpack://guitar-crm/./cypress/e2e/core/teacher-lessons.cy.ts:30:0)

  3) Teacher - Lesson Management
       should delete a lesson:
     AssertionError: Timed out retrying after 4000ms: Expected to find content: 'Lesson 1765196479434 Updated' but never did.
      at Context.eval (webpack://guitar-crm/./cypress/e2e/core/teacher-lessons.cy.ts:39:0)




  (Results)

  â”Œâ”€â”€â”€â”€â”€â”€â”€â”€â”€â”€â”€â”€â”€â”€â”€â”€â”€â”€â”€â”€â”€â”€â”€â”€â”€â”€â”€â”€â”€â”€â”€â”€â”€â”€â”€â”€â”€â”€â”€â”€â”€â”€â”€â”€â”€â”€â”€â”€â”€â”€â”€â”€â”€â”€â”€â”€â”€â”€â”€â”€â”€â”€â”€â”€â”€â”€â”€â”€â”€â”€â”€â”€â”€â”€â”€â”€â”€â”€â”€â”€â”€â”€â”€â”€â”€â”€â”€â”€â”€â”€â”€â”€â”€â”€â”€â”€â”
  â”‚ Tests:        3                                                                                â”‚
  â”‚ Passing:      0                                                                                â”‚
  â”‚ Failing:      3                                                                                â”‚
  â”‚ Pending:      0                                                                                â”‚
  â”‚ Skipped:      0                                                                                â”‚
  â”‚ Screenshots:  3                                                                                â”‚
  â”‚ Video:        false                                                                            â”‚
  â”‚ Duration:     27 seconds                                                                       â”‚
  â”‚ Spec Ran:     teacher-lessons.cy.ts                                                            â”‚
  â””â”€â”€â”€â”€â”€â”€â”€â”€â”€â”€â”€â”€â”€â”€â”€â”€â”€â”€â”€â”€â”€â”€â”€â”€â”€â”€â”€â”€â”€â”€â”€â”€â”€â”€â”€â”€â”€â”€â”€â”€â”€â”€â”€â”€â”€â”€â”€â”€â”€â”€â”€â”€â”€â”€â”€â”€â”€â”€â”€â”€â”€â”€â”€â”€â”€â”€â”€â”€â”€â”€â”€â”€â”€â”€â”€â”€â”€â”€â”€â”€â”€â”€â”€â”€â”€â”€â”€â”€â”€â”€â”€â”€â”€â”€â”€â”€â”˜


  (Screenshots)

  -  /home/piotr/Desktop/guitar-crm/cypress/screenshots/teacher-lessons.cy.ts/Teacher     (1280x720)
      - Lesson Management -- should create a new lesson for a student (failed).png                  
  -  /home/piotr/Desktop/guitar-crm/cypress/screenshots/teacher-lessons.cy.ts/Teacher     (1280x720)
      - Lesson Management -- should edit an existing lesson (failed).png                            
  -  /home/piotr/Desktop/guitar-crm/cypress/screenshots/teacher-lessons.cy.ts/Teacher     (1280x720)
      - Lesson Management -- should delete a lesson (failed).png                                    


â”€â”€â”€â”€â”€â”€â”€â”€â”€â”€â”€â”€â”€â”€â”€â”€â”€â”€â”€â”€â”€â”€â”€â”€â”€â”€â”€â”€â”€â”€â”€â”€â”€â”€â”€â”€â”€â”€â”€â”€â”€â”€â”€â”€â”€â”€â”€â”€â”€â”€â”€â”€â”€â”€â”€â”€â”€â”€â”€â”€â”€â”€â”€â”€â”€â”€â”€â”€â”€â”€â”€â”€â”€â”€â”€â”€â”€â”€â”€â”€â”€â”€â”€â”€â”€â”€â”€â”€â”€â”€â”€â”€â”€â”€â”€â”€â”€â”€â”€â”€
                                                                                                    
  Running:  assignment-details.cy.ts                                                        (3 of 3)


  Assignment Detail View
    1) should display assignment details correctly


  0 passing (11s)
  1 failing

  1) Assignment Detail View
       should display assignment details correctly:
     AssertionError: Timed out retrying after 4000ms: Expected to find element: `[data-testid="student-select"]`, but never found it.
      at Context.eval (webpack://guitar-crm/./cypress/e2e/core/assignment-details.cy.ts:21:0)




  (Results)

  â”Œâ”€â”€â”€â”€â”€â”€â”€â”€â”€â”€â”€â”€â”€â”€â”€â”€â”€â”€â”€â”€â”€â”€â”€â”€â”€â”€â”€â”€â”€â”€â”€â”€â”€â”€â”€â”€â”€â”€â”€â”€â”€â”€â”€â”€â”€â”€â”€â”€â”€â”€â”€â”€â”€â”€â”€â”€â”€â”€â”€â”€â”€â”€â”€â”€â”€â”€â”€â”€â”€â”€â”€â”€â”€â”€â”€â”€â”€â”€â”€â”€â”€â”€â”€â”€â”€â”€â”€â”€â”€â”€â”€â”€â”€â”€â”€â”€â”
  â”‚ Tests:        1                                                                                â”‚
  â”‚ Passing:      0                                                                                â”‚
  â”‚ Failing:      1                                                                                â”‚
  â”‚ Pending:      0                                                                                â”‚
  â”‚ Skipped:      0                                                                                â”‚
  â”‚ Screenshots:  1                                                                                â”‚
  â”‚ Video:        false                                                                            â”‚
  â”‚ Duration:     10 seconds                                                                       â”‚
  â”‚ Spec Ran:     assignment-details.cy.ts                                                         â”‚
  â””â”€â”€â”€â”€â”€â”€â”€â”€â”€â”€â”€â”€â”€â”€â”€â”€â”€â”€â”€â”€â”€â”€â”€â”€â”€â”€â”€â”€â”€â”€â”€â”€â”€â”€â”€â”€â”€â”€â”€â”€â”€â”€â”€â”€â”€â”€â”€â”€â”€â”€â”€â”€â”€â”€â”€â”€â”€â”€â”€â”€â”€â”€â”€â”€â”€â”€â”€â”€â”€â”€â”€â”€â”€â”€â”€â”€â”€â”€â”€â”€â”€â”€â”€â”€â”€â”€â”€â”€â”€â”€â”€â”€â”€â”€â”€â”€â”˜


  (Screenshots)

  -  /home/piotr/Desktop/guitar-crm/cypress/screenshots/assignment-details.cy.ts/Assi     (1280x720)
     gnment Detail View -- should display assignment details correctly (failed).png                 


================================================================================

  (Run Finished)


       Spec                                              Tests  Passing  Failing  Pending  Skipped  
  â”Œâ”€â”€â”€â”€â”€â”€â”€â”€â”€â”€â”€â”€â”€â”€â”€â”€â”€â”€â”€â”€â”€â”€â”€â”€â”€â”€â”€â”€â”€â”€â”€â”€â”€â”€â”€â”€â”€â”€â”€â”€â”€â”€â”€â”€â”€â”€â”€â”€â”€â”€â”€â”€â”€â”€â”€â”€â”€â”€â”€â”€â”€â”€â”€â”€â”€â”€â”€â”€â”€â”€â”€â”€â”€â”€â”€â”€â”€â”€â”€â”€â”€â”€â”€â”€â”€â”€â”€â”€â”€â”€â”€â”€â”€â”€â”€â”€â”
  â”‚ âœ–  teacher-assignments.cy.ts                00:10        2        -        1        -        1 â”‚
  â”œâ”€â”€â”€â”€â”€â”€â”€â”€â”€â”€â”€â”€â”€â”€â”€â”€â”€â”€â”€â”€â”€â”€â”€â”€â”€â”€â”€â”€â”€â”€â”€â”€â”€â”€â”€â”€â”€â”€â”€â”€â”€â”€â”€â”€â”€â”€â”€â”€â”€â”€â”€â”€â”€â”€â”€â”€â”€â”€â”€â”€â”€â”€â”€â”€â”€â”€â”€â”€â”€â”€â”€â”€â”€â”€â”€â”€â”€â”€â”€â”€â”€â”€â”€â”€â”€â”€â”€â”€â”€â”€â”€â”€â”€â”€â”€â”€â”¤
  â”‚ âœ–  teacher-lessons.cy.ts                    00:27        3        -        3        -        - â”‚
  â”œâ”€â”€â”€â”€â”€â”€â”€â”€â”€â”€â”€â”€â”€â”€â”€â”€â”€â”€â”€â”€â”€â”€â”€â”€â”€â”€â”€â”€â”€â”€â”€â”€â”€â”€â”€â”€â”€â”€â”€â”€â”€â”€â”€â”€â”€â”€â”€â”€â”€â”€â”€â”€â”€â”€â”€â”€â”€â”€â”€â”€â”€â”€â”€â”€â”€â”€â”€â”€â”€â”€â”€â”€â”€â”€â”€â”€â”€â”€â”€â”€â”€â”€â”€â”€â”€â”€â”€â”€â”€â”€â”€â”€â”€â”€â”€â”€â”¤
  â”‚ âœ–  assignment-details.cy.ts                 00:10        1        -        1        -        - â”‚
  â””â”€â”€â”€â”€â”€â”€â”€â”€â”€â”€â”€â”€â”€â”€â”€â”€â”€â”€â”€â”€â”€â”€â”€â”€â”€â”€â”€â”€â”€â”€â”€â”€â”€â”€â”€â”€â”€â”€â”€â”€â”€â”€â”€â”€â”€â”€â”€â”€â”€â”€â”€â”€â”€â”€â”€â”€â”€â”€â”€â”€â”€â”€â”€â”€â”€â”€â”€â”€â”€â”€â”€â”€â”€â”€â”€â”€â”€â”€â”€â”€â”€â”€â”€â”€â”€â”€â”€â”€â”€â”€â”€â”€â”€â”€â”€â”€â”˜
    âœ–  3 of 3 failed (100%)                     00:49        6        -        5        -        1  

