Gtk-Message: 13:27:36.386: Failed to load module "xapp-gtk3-module"
Gtk-Message: 13:27:36.386: Failed to load module "appmenu-gtk-module"

DevTools listening on ws://127.0.0.1:32979/devtools/browser/069a3114-7829-4f62-8a07-e1dda06fddff
Missing baseUrl in compilerOptions. tsconfig-paths will be skipped
[32mâœ”[0m [33mConsole Ninja[0m extension is connected to [33mCypress[0m, see [36mhttps://tinyurl.com/2vt8jxzw[0m

================================================================================

  (Run Starting)

  â”Œâ”€â”€â”€â”€â”€â”€â”€â”€â”€â”€â”€â”€â”€â”€â”€â”€â”€â”€â”€â”€â”€â”€â”€â”€â”€â”€â”€â”€â”€â”€â”€â”€â”€â”€â”€â”€â”€â”€â”€â”€â”€â”€â”€â”€â”€â”€â”€â”€â”€â”€â”€â”€â”€â”€â”€â”€â”€â”€â”€â”€â”€â”€â”€â”€â”€â”€â”€â”€â”€â”€â”€â”€â”€â”€â”€â”€â”€â”€â”€â”€â”€â”€â”€â”€â”€â”€â”€â”€â”€â”€â”€â”€â”€â”€â”€â”€â”
  â”‚ Cypress:        13.17.0                                                                        â”‚
  â”‚ Browser:        Electron 118 (headless)                                                        â”‚
  â”‚ Node Version:   v24.11.1 (/usr/bin/node)                                                       â”‚
  â”‚ Specs:          1 found (assignment-details.cy.ts)                                             â”‚
  â”‚ Searched:       cypress/e2e/core/assignment-details.cy.ts                                      â”‚
  â””â”€â”€â”€â”€â”€â”€â”€â”€â”€â”€â”€â”€â”€â”€â”€â”€â”€â”€â”€â”€â”€â”€â”€â”€â”€â”€â”€â”€â”€â”€â”€â”€â”€â”€â”€â”€â”€â”€â”€â”€â”€â”€â”€â”€â”€â”€â”€â”€â”€â”€â”€â”€â”€â”€â”€â”€â”€â”€â”€â”€â”€â”€â”€â”€â”€â”€â”€â”€â”€â”€â”€â”€â”€â”€â”€â”€â”€â”€â”€â”€â”€â”€â”€â”€â”€â”€â”€â”€â”€â”€â”€â”€â”€â”€â”€â”€â”˜


â”€â”€â”€â”€â”€â”€â”€â”€â”€â”€â”€â”€â”€â”€â”€â”€â”€â”€â”€â”€â”€â”€â”€â”€â”€â”€â”€â”€â”€â”€â”€â”€â”€â”€â”€â”€â”€â”€â”€â”€â”€â”€â”€â”€â”€â”€â”€â”€â”€â”€â”€â”€â”€â”€â”€â”€â”€â”€â”€â”€â”€â”€â”€â”€â”€â”€â”€â”€â”€â”€â”€â”€â”€â”€â”€â”€â”€â”€â”€â”€â”€â”€â”€â”€â”€â”€â”€â”€â”€â”€â”€â”€â”€â”€â”€â”€â”€â”€â”€â”€
                                                                                                    
  Running:  assignment-details.cy.ts                                                        (1 of 1)


  Assignment Detail View
    1) "before all" hook for "should display assignment details correctly"


  0 passing (368ms)
  1 failing

  1) Assignment Detail View
       "before all" hook for "should display assignment details correctly":
     CypressError: `cy.visit()` failed trying to load:

http://localhost:3000/sign-in

The response we received from your web server was:

  > 400: Bad Request

This was considered a failure because the status code was not `2xx`.

If you do not want status codes to cause failures pass the option: `failOnStatusCode: false`

Because this error occurred during a `before all` hook we are skipping the remaining tests in the current suite: `Assignment Detail View`
      at <unknown> (http://localhost:3000/__cypress/runner/cypress_runner.js:131591:76)
      at visitFailedByErr (http://localhost:3000/__cypress/runner/cypress_runner.js:131006:12)
      at <unknown> (http://localhost:3000/__cypress/runner/cypress_runner.js:131574:13)
      at tryCatcher (http://localhost:3000/__cypress/runner/cypress_runner.js:1830:23)
      at Promise._settlePromiseFromHandler (http://localhost:3000/__cypress/runner/cypress_runner.js:1542:31)
      at Promise._settlePromise (http://localhost:3000/__cypress/runner/cypress_runner.js:1599:18)
      at Promise._settlePromise0 (http://localhost:3000/__cypress/runner/cypress_runner.js:1644:10)
      at Promise._settlePromises (http://localhost:3000/__cypress/runner/cypress_runner.js:1720:18)
      at _drainQueueStep (http://localhost:3000/__cypress/runner/cypress_runner.js:2430:12)
      at _drainQueue (http://localhost:3000/__cypress/runner/cypress_runner.js:2423:9)
      at Async._drainQueues (http://localhost:3000/__cypress/runner/cypress_runner.js:2439:5)
      at Async.drainQueues (http://localhost:3000/__cypress/runner/cypress_runner.js:2309:14)
  From Your Spec Code:
      at Context.eval (webpack://guitar-crm/./cypress/e2e/core/assignment-details.cy.ts:9:0)




  (Results)

  â”Œâ”€â”€â”€â”€â”€â”€â”€â”€â”€â”€â”€â”€â”€â”€â”€â”€â”€â”€â”€â”€â”€â”€â”€â”€â”€â”€â”€â”€â”€â”€â”€â”€â”€â”€â”€â”€â”€â”€â”€â”€â”€â”€â”€â”€â”€â”€â”€â”€â”€â”€â”€â”€â”€â”€â”€â”€â”€â”€â”€â”€â”€â”€â”€â”€â”€â”€â”€â”€â”€â”€â”€â”€â”€â”€â”€â”€â”€â”€â”€â”€â”€â”€â”€â”€â”€â”€â”€â”€â”€â”€â”€â”€â”€â”€â”€â”€â”
  â”‚ Tests:        1                                                                                â”‚
  â”‚ Passing:      0                                                                                â”‚
  â”‚ Failing:      1                                                                                â”‚
  â”‚ Pending:      0                                                                                â”‚
  â”‚ Skipped:      0                                                                                â”‚
  â”‚ Screenshots:  1                                                                                â”‚
  â”‚ Video:        false                                                                            â”‚
  â”‚ Duration:     0 seconds                                                                        â”‚
  â”‚ Spec Ran:     assignment-details.cy.ts                                                         â”‚
  â””â”€â”€â”€â”€â”€â”€â”€â”€â”€â”€â”€â”€â”€â”€â”€â”€â”€â”€â”€â”€â”€â”€â”€â”€â”€â”€â”€â”€â”€â”€â”€â”€â”€â”€â”€â”€â”€â”€â”€â”€â”€â”€â”€â”€â”€â”€â”€â”€â”€â”€â”€â”€â”€â”€â”€â”€â”€â”€â”€â”€â”€â”€â”€â”€â”€â”€â”€â”€â”€â”€â”€â”€â”€â”€â”€â”€â”€â”€â”€â”€â”€â”€â”€â”€â”€â”€â”€â”€â”€â”€â”€â”€â”€â”€â”€â”€â”˜


  (Screenshots)

  -  /home/piotr/Desktop/guitar-crm/cypress/screenshots/assignment-details.cy.ts/Assi     (1280x720)
     gnment Detail View -- should display assignment details correctly -- before all                
     hook (failed).png                                                                              


================================================================================

  (Run Finished)


       Spec                                              Tests  Passing  Failing  Pending  Skipped  
  â”Œâ”€â”€â”€â”€â”€â”€â”€â”€â”€â”€â”€â”€â”€â”€â”€â”€â”€â”€â”€â”€â”€â”€â”€â”€â”€â”€â”€â”€â”€â”€â”€â”€â”€â”€â”€â”€â”€â”€â”€â”€â”€â”€â”€â”€â”€â”€â”€â”€â”€â”€â”€â”€â”€â”€â”€â”€â”€â”€â”€â”€â”€â”€â”€â”€â”€â”€â”€â”€â”€â”€â”€â”€â”€â”€â”€â”€â”€â”€â”€â”€â”€â”€â”€â”€â”€â”€â”€â”€â”€â”€â”€â”€â”€â”€â”€â”€â”
  â”‚ âœ–  assignment-details.cy.ts                 371ms        1        -        1        -        - â”‚
  â””â”€â”€â”€â”€â”€â”€â”€â”€â”€â”€â”€â”€â”€â”€â”€â”€â”€â”€â”€â”€â”€â”€â”€â”€â”€â”€â”€â”€â”€â”€â”€â”€â”€â”€â”€â”€â”€â”€â”€â”€â”€â”€â”€â”€â”€â”€â”€â”€â”€â”€â”€â”€â”€â”€â”€â”€â”€â”€â”€â”€â”€â”€â”€â”€â”€â”€â”€â”€â”€â”€â”€â”€â”€â”€â”€â”€â”€â”€â”€â”€â”€â”€â”€â”€â”€â”€â”€â”€â”€â”€â”€â”€â”€â”€â”€â”€â”˜
    âœ–  1 of 1 failed (100%)                     371ms        1        -        1        -        -  

