Gtk-Message: 12:25:57.076: Failed to load module "xapp-gtk3-module"
Gtk-Message: 12:25:57.076: Failed to load module "appmenu-gtk-module"

DevTools listening on ws://127.0.0.1:36353/devtools/browser/8ef65954-cc62-459b-a0c8-9123b4b2ba82
Missing baseUrl in compilerOptions. tsconfig-paths will be skipped
[32mâœ”[0m [33mConsole Ninja[0m extension is connected to [33mCypress[0m, see [36mhttps://tinyurl.com/2vt8jxzw[0m

================================================================================

  (Run Starting)

  â”Œâ”€â”€â”€â”€â”€â”€â”€â”€â”€â”€â”€â”€â”€â”€â”€â”€â”€â”€â”€â”€â”€â”€â”€â”€â”€â”€â”€â”€â”€â”€â”€â”€â”€â”€â”€â”€â”€â”€â”€â”€â”€â”€â”€â”€â”€â”€â”€â”€â”€â”€â”€â”€â”€â”€â”€â”€â”€â”€â”€â”€â”€â”€â”€â”€â”€â”€â”€â”€â”€â”€â”€â”€â”€â”€â”€â”€â”€â”€â”€â”€â”€â”€â”€â”€â”€â”€â”€â”€â”€â”€â”€â”€â”€â”€â”€â”€â”
  â”‚ Cypress:        13.17.0                                                                        â”‚
  â”‚ Browser:        Electron 118 (headless)                                                        â”‚
  â”‚ Node Version:   v24.11.1 (/usr/bin/node)                                                       â”‚
  â”‚ Specs:          1 found (shadow-user.cy.ts)                                                    â”‚
  â”‚ Searched:       cypress/e2e/shadow-user.cy.ts                                                  â”‚
  â””â”€â”€â”€â”€â”€â”€â”€â”€â”€â”€â”€â”€â”€â”€â”€â”€â”€â”€â”€â”€â”€â”€â”€â”€â”€â”€â”€â”€â”€â”€â”€â”€â”€â”€â”€â”€â”€â”€â”€â”€â”€â”€â”€â”€â”€â”€â”€â”€â”€â”€â”€â”€â”€â”€â”€â”€â”€â”€â”€â”€â”€â”€â”€â”€â”€â”€â”€â”€â”€â”€â”€â”€â”€â”€â”€â”€â”€â”€â”€â”€â”€â”€â”€â”€â”€â”€â”€â”€â”€â”€â”€â”€â”€â”€â”€â”€â”˜


â”€â”€â”€â”€â”€â”€â”€â”€â”€â”€â”€â”€â”€â”€â”€â”€â”€â”€â”€â”€â”€â”€â”€â”€â”€â”€â”€â”€â”€â”€â”€â”€â”€â”€â”€â”€â”€â”€â”€â”€â”€â”€â”€â”€â”€â”€â”€â”€â”€â”€â”€â”€â”€â”€â”€â”€â”€â”€â”€â”€â”€â”€â”€â”€â”€â”€â”€â”€â”€â”€â”€â”€â”€â”€â”€â”€â”€â”€â”€â”€â”€â”€â”€â”€â”€â”€â”€â”€â”€â”€â”€â”€â”€â”€â”€â”€â”€â”€â”€â”€
                                                                                                    
  Running:  shadow-user.cy.ts                                                               (1 of 1)


  Shadow User Management
    1) "before each" hook for "should create a shadow user without email"


  0 passing (6s)
  1 failing

  1) Shadow User Management
       "before each" hook for "should create a shadow user without email":
     AssertionError: Timed out retrying after 4000ms: expected 'http://localhost:3000/sign-in' to include '/dashboard'

Because this error occurred during a `before each` hook we are skipping the remaining tests in the current suite: `Shadow User Management`
      at Context.eval (webpack://guitar-crm/./cypress/e2e/shadow-user.cy.ts:10:0)




  (Results)

  â”Œâ”€â”€â”€â”€â”€â”€â”€â”€â”€â”€â”€â”€â”€â”€â”€â”€â”€â”€â”€â”€â”€â”€â”€â”€â”€â”€â”€â”€â”€â”€â”€â”€â”€â”€â”€â”€â”€â”€â”€â”€â”€â”€â”€â”€â”€â”€â”€â”€â”€â”€â”€â”€â”€â”€â”€â”€â”€â”€â”€â”€â”€â”€â”€â”€â”€â”€â”€â”€â”€â”€â”€â”€â”€â”€â”€â”€â”€â”€â”€â”€â”€â”€â”€â”€â”€â”€â”€â”€â”€â”€â”€â”€â”€â”€â”€â”€â”
  â”‚ Tests:        2                                                                                â”‚
  â”‚ Passing:      0                                                                                â”‚
  â”‚ Failing:      1                                                                                â”‚
  â”‚ Pending:      0                                                                                â”‚
  â”‚ Skipped:      1                                                                                â”‚
  â”‚ Screenshots:  1                                                                                â”‚
  â”‚ Video:        false                                                                            â”‚
  â”‚ Duration:     5 seconds                                                                        â”‚
  â”‚ Spec Ran:     shadow-user.cy.ts                                                                â”‚
  â””â”€â”€â”€â”€â”€â”€â”€â”€â”€â”€â”€â”€â”€â”€â”€â”€â”€â”€â”€â”€â”€â”€â”€â”€â”€â”€â”€â”€â”€â”€â”€â”€â”€â”€â”€â”€â”€â”€â”€â”€â”€â”€â”€â”€â”€â”€â”€â”€â”€â”€â”€â”€â”€â”€â”€â”€â”€â”€â”€â”€â”€â”€â”€â”€â”€â”€â”€â”€â”€â”€â”€â”€â”€â”€â”€â”€â”€â”€â”€â”€â”€â”€â”€â”€â”€â”€â”€â”€â”€â”€â”€â”€â”€â”€â”€â”€â”˜


  (Screenshots)

  -  /home/piotr/Desktop/guitar-crm/cypress/screenshots/shadow-user.cy.ts/Shadow User     (1280x720)
      Management -- should create a shadow user without email -- before each hook (fa               
     iled).png                                                                                      


================================================================================

  (Run Finished)


       Spec                                              Tests  Passing  Failing  Pending  Skipped  
  â”Œâ”€â”€â”€â”€â”€â”€â”€â”€â”€â”€â”€â”€â”€â”€â”€â”€â”€â”€â”€â”€â”€â”€â”€â”€â”€â”€â”€â”€â”€â”€â”€â”€â”€â”€â”€â”€â”€â”€â”€â”€â”€â”€â”€â”€â”€â”€â”€â”€â”€â”€â”€â”€â”€â”€â”€â”€â”€â”€â”€â”€â”€â”€â”€â”€â”€â”€â”€â”€â”€â”€â”€â”€â”€â”€â”€â”€â”€â”€â”€â”€â”€â”€â”€â”€â”€â”€â”€â”€â”€â”€â”€â”€â”€â”€â”€â”€â”
  â”‚ âœ–  shadow-user.cy.ts                        00:05        2        -        1        -        1 â”‚
  â””â”€â”€â”€â”€â”€â”€â”€â”€â”€â”€â”€â”€â”€â”€â”€â”€â”€â”€â”€â”€â”€â”€â”€â”€â”€â”€â”€â”€â”€â”€â”€â”€â”€â”€â”€â”€â”€â”€â”€â”€â”€â”€â”€â”€â”€â”€â”€â”€â”€â”€â”€â”€â”€â”€â”€â”€â”€â”€â”€â”€â”€â”€â”€â”€â”€â”€â”€â”€â”€â”€â”€â”€â”€â”€â”€â”€â”€â”€â”€â”€â”€â”€â”€â”€â”€â”€â”€â”€â”€â”€â”€â”€â”€â”€â”€â”€â”˜
    âœ–  1 of 1 failed (100%)                     00:05        2        -        1        -        1  

