Gtk-Message: 13:30:40.701: Failed to load module "xapp-gtk3-module"
Gtk-Message: 13:30:40.701: Failed to load module "appmenu-gtk-module"

DevTools listening on ws://127.0.0.1:43141/devtools/browser/a6488964-e49f-40b9-ba24-36cd9084ab47
Missing baseUrl in compilerOptions. tsconfig-paths will be skipped
[32mâœ”[0m [33mConsole Ninja[0m extension is connected to [33mCypress[0m, see [36mhttps://tinyurl.com/2vt8jxzw[0m

================================================================================

  (Run Starting)

  â”Œâ”€â”€â”€â”€â”€â”€â”€â”€â”€â”€â”€â”€â”€â”€â”€â”€â”€â”€â”€â”€â”€â”€â”€â”€â”€â”€â”€â”€â”€â”€â”€â”€â”€â”€â”€â”€â”€â”€â”€â”€â”€â”€â”€â”€â”€â”€â”€â”€â”€â”€â”€â”€â”€â”€â”€â”€â”€â”€â”€â”€â”€â”€â”€â”€â”€â”€â”€â”€â”€â”€â”€â”€â”€â”€â”€â”€â”€â”€â”€â”€â”€â”€â”€â”€â”€â”€â”€â”€â”€â”€â”€â”€â”€â”€â”€â”€â”
  â”‚ Cypress:        13.17.0                                                                        â”‚
  â”‚ Browser:        Electron 118 (headless)                                                        â”‚
  â”‚ Node Version:   v24.11.1 (/usr/bin/node)                                                       â”‚
  â”‚ Specs:          1 found (assignment-details.cy.ts)                                             â”‚
  â”‚ Searched:       cypress/e2e/core/assignment-details.cy.ts                                      â”‚
  â””â”€â”€â”€â”€â”€â”€â”€â”€â”€â”€â”€â”€â”€â”€â”€â”€â”€â”€â”€â”€â”€â”€â”€â”€â”€â”€â”€â”€â”€â”€â”€â”€â”€â”€â”€â”€â”€â”€â”€â”€â”€â”€â”€â”€â”€â”€â”€â”€â”€â”€â”€â”€â”€â”€â”€â”€â”€â”€â”€â”€â”€â”€â”€â”€â”€â”€â”€â”€â”€â”€â”€â”€â”€â”€â”€â”€â”€â”€â”€â”€â”€â”€â”€â”€â”€â”€â”€â”€â”€â”€â”€â”€â”€â”€â”€â”€â”˜


â”€â”€â”€â”€â”€â”€â”€â”€â”€â”€â”€â”€â”€â”€â”€â”€â”€â”€â”€â”€â”€â”€â”€â”€â”€â”€â”€â”€â”€â”€â”€â”€â”€â”€â”€â”€â”€â”€â”€â”€â”€â”€â”€â”€â”€â”€â”€â”€â”€â”€â”€â”€â”€â”€â”€â”€â”€â”€â”€â”€â”€â”€â”€â”€â”€â”€â”€â”€â”€â”€â”€â”€â”€â”€â”€â”€â”€â”€â”€â”€â”€â”€â”€â”€â”€â”€â”€â”€â”€â”€â”€â”€â”€â”€â”€â”€â”€â”€â”€â”€
                                                                                                    
  Running:  assignment-details.cy.ts                                                        (1 of 1)


  Assignment Detail View
    1) should display assignment details correctly


  0 passing (18s)
  1 failing

  1) Assignment Detail View
       should display assignment details correctly:
     AssertionError: Timed out retrying after 4000ms: Expected to find element: `[data-testid="student-select"]`, but never found it.
      at Context.eval (webpack://guitar-crm/./cypress/e2e/core/assignment-details.cy.ts:38:0)




  (Results)

  â”Œâ”€â”€â”€â”€â”€â”€â”€â”€â”€â”€â”€â”€â”€â”€â”€â”€â”€â”€â”€â”€â”€â”€â”€â”€â”€â”€â”€â”€â”€â”€â”€â”€â”€â”€â”€â”€â”€â”€â”€â”€â”€â”€â”€â”€â”€â”€â”€â”€â”€â”€â”€â”€â”€â”€â”€â”€â”€â”€â”€â”€â”€â”€â”€â”€â”€â”€â”€â”€â”€â”€â”€â”€â”€â”€â”€â”€â”€â”€â”€â”€â”€â”€â”€â”€â”€â”€â”€â”€â”€â”€â”€â”€â”€â”€â”€â”€â”
  â”‚ Tests:        1                                                                                â”‚
  â”‚ Passing:      0                                                                                â”‚
  â”‚ Failing:      1                                                                                â”‚
  â”‚ Pending:      0                                                                                â”‚
  â”‚ Skipped:      0                                                                                â”‚
  â”‚ Screenshots:  1                                                                                â”‚
  â”‚ Video:        false                                                                            â”‚
  â”‚ Duration:     17 seconds                                                                       â”‚
  â”‚ Spec Ran:     assignment-details.cy.ts                                                         â”‚
  â””â”€â”€â”€â”€â”€â”€â”€â”€â”€â”€â”€â”€â”€â”€â”€â”€â”€â”€â”€â”€â”€â”€â”€â”€â”€â”€â”€â”€â”€â”€â”€â”€â”€â”€â”€â”€â”€â”€â”€â”€â”€â”€â”€â”€â”€â”€â”€â”€â”€â”€â”€â”€â”€â”€â”€â”€â”€â”€â”€â”€â”€â”€â”€â”€â”€â”€â”€â”€â”€â”€â”€â”€â”€â”€â”€â”€â”€â”€â”€â”€â”€â”€â”€â”€â”€â”€â”€â”€â”€â”€â”€â”€â”€â”€â”€â”€â”˜


  (Screenshots)

  -  /home/piotr/Desktop/guitar-crm/cypress/screenshots/assignment-details.cy.ts/Assi     (1280x720)
     gnment Detail View -- should display assignment details correctly (failed).png                 


================================================================================

  (Run Finished)


       Spec                                              Tests  Passing  Failing  Pending  Skipped  
  â”Œâ”€â”€â”€â”€â”€â”€â”€â”€â”€â”€â”€â”€â”€â”€â”€â”€â”€â”€â”€â”€â”€â”€â”€â”€â”€â”€â”€â”€â”€â”€â”€â”€â”€â”€â”€â”€â”€â”€â”€â”€â”€â”€â”€â”€â”€â”€â”€â”€â”€â”€â”€â”€â”€â”€â”€â”€â”€â”€â”€â”€â”€â”€â”€â”€â”€â”€â”€â”€â”€â”€â”€â”€â”€â”€â”€â”€â”€â”€â”€â”€â”€â”€â”€â”€â”€â”€â”€â”€â”€â”€â”€â”€â”€â”€â”€â”€â”
  â”‚ âœ–  assignment-details.cy.ts                 00:17        1        -        1        -        - â”‚
  â””â”€â”€â”€â”€â”€â”€â”€â”€â”€â”€â”€â”€â”€â”€â”€â”€â”€â”€â”€â”€â”€â”€â”€â”€â”€â”€â”€â”€â”€â”€â”€â”€â”€â”€â”€â”€â”€â”€â”€â”€â”€â”€â”€â”€â”€â”€â”€â”€â”€â”€â”€â”€â”€â”€â”€â”€â”€â”€â”€â”€â”€â”€â”€â”€â”€â”€â”€â”€â”€â”€â”€â”€â”€â”€â”€â”€â”€â”€â”€â”€â”€â”€â”€â”€â”€â”€â”€â”€â”€â”€â”€â”€â”€â”€â”€â”€â”˜
    âœ–  1 of 1 failed (100%)                     00:17        1        -        1        -        -  

